{"C:\\Users\\Rodrigo\\Codigo\\interprete-pl\\src\\parser\\ast\\List.js":{"path":"C:\\Users\\Rodrigo\\Codigo\\interprete-pl\\src\\parser\\ast\\List.js","s":{"1":1,"2":12,"3":11,"4":1,"5":1,"6":3,"7":1,"8":2,"9":1,"10":1,"11":1,"12":1,"13":3,"14":3,"15":1,"16":1,"17":13,"18":13,"19":13,"20":15,"21":12,"22":12,"23":3,"24":3},"b":{"1":[11,1],"2":[1,2],"3":[12,3]},"f":{"1":12,"2":1,"3":1,"4":13},"fnMap":{"1":{"name":"getLastNode","line":3,"loc":{"start":{"line":3,"column":7},"end":{"line":3,"column":34}}},"2":{"name":"getChainLenght","line":20,"loc":{"start":{"line":20,"column":7},"end":{"line":20,"column":37}}},"3":{"name":"(anonymous_7)","line":30,"loc":{"start":{"line":30,"column":13},"end":{"line":null,"column":-1}}},"4":{"name":"LinkedList","line":31,"loc":{"start":{"line":31,"column":2},"end":{"line":31,"column":16}}}},"statementMap":{"1":{"start":{"line":3,"column":7},"end":{"line":3,"column":6}},"2":{"start":{"line":4,"column":2},"end":{"line":4,"column":1}},"3":{"start":{"line":5,"column":4},"end":{"line":4,"column":44}},"4":{"start":{"line":8,"column":4},"end":{"line":7,"column":7}},"5":{"start":{"line":9,"column":4},"end":{"line":9,"column":3}},"6":{"start":{"line":10,"column":6},"end":{"line":10,"column":5}},"7":{"start":{"line":11,"column":8},"end":{"line":10,"column":51}},"8":{"start":{"line":14,"column":8},"end":{"line":13,"column":11}},"9":{"start":{"line":20,"column":7},"end":{"line":20,"column":6}},"10":{"start":{"line":21,"column":2},"end":{"line":20,"column":37}},"11":{"start":{"line":22,"column":2},"end":{"line":20,"column":37}},"12":{"start":{"line":23,"column":2},"end":{"line":23,"column":1}},"13":{"start":{"line":24,"column":4},"end":{"line":23,"column":27}},"14":{"start":{"line":25,"column":4},"end":{"line":23,"column":27}},"15":{"start":{"line":27,"column":2},"end":{"line":20,"column":37}},"16":{"start":{"line":31,"column":2},"end":{"line":31,"column":1}},"17":{"start":{"line":32,"column":4},"end":{"line":31,"column":16}},"18":{"start":{"line":33,"column":4},"end":{"line":31,"column":16}},"19":{"start":{"line":34,"column":4},"end":{"line":31,"column":16}},"20":{"start":{"line":38,"column":4},"end":{"line":38,"column":3}},"21":{"start":{"line":39,"column":6},"end":{"line":38,"column":33}},"22":{"start":{"line":40,"column":6},"end":{"line":38,"column":33}},"23":{"start":{"line":43,"column":6},"end":{"line":42,"column":9}},"24":{"start":{"line":44,"column":6},"end":{"line":42,"column":9}}},"branchMap":{"1":{"line":4,"type":"if","locations":[{"start":{"line":4,"column":2},"end":{"line":4,"column":5}},{"start":{"line":4,"column":2},"end":{"line":4,"column":5}}]},"2":{"line":10,"type":"if","locations":[{"start":{"line":10,"column":6},"end":{"line":10,"column":9}},{"start":{"line":10,"column":6},"end":{"line":10,"column":9}}]},"3":{"line":38,"type":"if","locations":[{"start":{"line":38,"column":4},"end":{"line":38,"column":7}},{"start":{"line":38,"column":4},"end":{"line":38,"column":7}}]}}},"C:\\Users\\Rodrigo\\Codigo\\interprete-pl\\src\\parser\\ast\\Nodes.js":{"path":"C:\\Users\\Rodrigo\\Codigo\\interprete-pl\\src\\parser\\ast\\Nodes.js","s":{"1":1,"2":1,"3":32,"4":32,"5":0,"6":32,"7":15,"8":28,"9":17,"10":1,"11":5,"12":1,"13":4,"14":5,"15":5,"16":5,"17":3,"18":1,"19":2,"20":2,"21":3,"22":0,"23":3,"24":3,"25":3,"26":3,"27":1,"28":2,"29":1,"30":1,"31":1,"32":3,"33":0,"34":1,"35":1,"36":1,"37":0,"38":1,"39":1,"40":1,"41":0,"42":0,"43":0,"44":0,"45":0,"46":0,"47":0,"48":0,"49":0,"50":1,"51":4,"52":1,"53":3,"54":4,"55":4,"56":4,"57":4,"58":2,"59":1,"60":1,"61":1,"62":3,"63":2,"64":1,"65":0,"66":3,"67":3,"68":3,"69":3,"70":0},"b":{"1":[32,0],"2":[1,4],"3":[1,2],"4":[0,3],"5":[1,2],"6":[1,1],"7":[1,0],"8":[1,0],"9":[0,0],"10":[0,0],"11":[0,0],"12":[1,3],"13":[1,1],"14":[1,0],"15":[2,1]},"f":{"1":1,"2":32,"3":1,"4":5,"5":1,"6":1,"7":1,"8":4},"fnMap":{"1":{"name":"(anonymous_5)","line":5,"loc":{"start":{"line":5,"column":13},"end":{"line":null,"column":-1}}},"2":{"name":"GenericNode","line":6,"loc":{"start":{"line":6,"column":2},"end":{"line":6,"column":20}}},"3":{"name":"(anonymous_10)","line":29,"loc":{"start":{"line":29,"column":13},"end":{"line":null,"column":-1}}},"4":{"name":"IfNode","line":30,"loc":{"start":{"line":30,"column":2},"end":{"line":30,"column":20}}},"5":{"name":"(anonymous_16)","line":84,"loc":{"start":{"line":84,"column":13},"end":{"line":null,"column":-1}}},"6":{"name":"UntilNode","line":85,"loc":{"start":{"line":85,"column":2},"end":{"line":85,"column":20}}},"7":{"name":"(anonymous_22)","line":130,"loc":{"start":{"line":130,"column":13},"end":{"line":null,"column":-1}}},"8":{"name":"WhileNode","line":131,"loc":{"start":{"line":131,"column":2},"end":{"line":131,"column":20}}}},"statementMap":{"1":{"start":{"line":3,"column":0},"end":{"line":null,"column":-1}},"2":{"start":{"line":6,"column":2},"end":{"line":6,"column":1}},"3":{"start":{"line":7,"column":4},"end":{"line":7,"column":3}},"4":{"start":{"line":8,"column":6},"end":{"line":7,"column":14}},"5":{"start":{"line":10,"column":6},"end":{"line":9,"column":11}},"6":{"start":{"line":13,"column":4},"end":{"line":6,"column":20}},"7":{"start":{"line":17,"column":4},"end":{"line":16,"column":20}},"8":{"start":{"line":21,"column":4},"end":{"line":20,"column":12}},"9":{"start":{"line":25,"column":4},"end":{"line":24,"column":25}},"10":{"start":{"line":30,"column":2},"end":{"line":30,"column":1}},"11":{"start":{"line":31,"column":4},"end":{"line":31,"column":3}},"12":{"start":{"line":32,"column":6},"end":{"line":31,"column":14}},"13":{"start":{"line":34,"column":6},"end":{"line":33,"column":11}},"14":{"start":{"line":37,"column":4},"end":{"line":30,"column":20}},"15":{"start":{"line":38,"column":4},"end":{"line":30,"column":20}},"16":{"start":{"line":40,"column":4},"end":{"line":30,"column":20}},"17":{"start":{"line":44,"column":4},"end":{"line":44,"column":3}},"18":{"start":{"line":45,"column":6},"end":{"line":44,"column":38}},"19":{"start":{"line":48,"column":6},"end":{"line":47,"column":9}},"20":{"start":{"line":49,"column":6},"end":{"line":47,"column":9}},"21":{"start":{"line":52,"column":4},"end":{"line":52,"column":3}},"22":{"start":{"line":53,"column":6},"end":{"line":52,"column":39}},"23":{"start":{"line":56,"column":6},"end":{"line":55,"column":9}},"24":{"start":{"line":57,"column":6},"end":{"line":55,"column":9}},"25":{"start":{"line":60,"column":4},"end":{"line":43,"column":16}},"26":{"start":{"line":64,"column":4},"end":{"line":70,"column":9}},"27":{"start":{"line":65,"column":6},"end":{"line":64,"column":39}},"28":{"start":{"line":67,"column":9},"end":{"line":70,"column":9}},"29":{"start":{"line":68,"column":6},"end":{"line":67,"column":45}},"30":{"start":{"line":70,"column":9},"end":{"line":70,"column":8}},"31":{"start":{"line":71,"column":6},"end":{"line":70,"column":47}},"32":{"start":{"line":76,"column":4},"end":{"line":75,"column":12}},"33":{"start":{"line":80,"column":4},"end":{"line":79,"column":25}},"34":{"start":{"line":85,"column":2},"end":{"line":85,"column":1}},"35":{"start":{"line":86,"column":4},"end":{"line":86,"column":3}},"36":{"start":{"line":87,"column":6},"end":{"line":86,"column":14}},"37":{"start":{"line":90,"column":6},"end":{"line":89,"column":9}},"38":{"start":{"line":93,"column":4},"end":{"line":85,"column":20}},"39":{"start":{"line":94,"column":4},"end":{"line":85,"column":20}},"40":{"start":{"line":95,"column":4},"end":{"line":85,"column":20}},"41":{"start":{"line":104,"column":4},"end":{"line":107,"column":9}},"42":{"start":{"line":105,"column":6},"end":{"line":104,"column":37}},"43":{"start":{"line":107,"column":9},"end":{"line":107,"column":8}},"44":{"start":{"line":108,"column":6},"end":{"line":107,"column":45}},"45":{"start":{"line":113,"column":4},"end":{"line":113,"column":3}},"46":{"start":{"line":114,"column":6},"end":{"line":113,"column":39}},"47":{"start":{"line":117,"column":6},"end":{"line":116,"column":9}},"48":{"start":{"line":122,"column":4},"end":{"line":121,"column":25}},"49":{"start":{"line":126,"column":4},"end":{"line":125,"column":16}},"50":{"start":{"line":131,"column":2},"end":{"line":131,"column":1}},"51":{"start":{"line":132,"column":4},"end":{"line":132,"column":3}},"52":{"start":{"line":133,"column":6},"end":{"line":132,"column":14}},"53":{"start":{"line":136,"column":6},"end":{"line":135,"column":9}},"54":{"start":{"line":139,"column":4},"end":{"line":131,"column":20}},"55":{"start":{"line":140,"column":4},"end":{"line":131,"column":20}},"56":{"start":{"line":141,"column":4},"end":{"line":131,"column":20}},"57":{"start":{"line":142,"column":4},"end":{"line":131,"column":20}},"58":{"start":{"line":151,"column":4},"end":{"line":154,"column":9}},"59":{"start":{"line":152,"column":6},"end":{"line":151,"column":37}},"60":{"start":{"line":154,"column":9},"end":{"line":154,"column":8}},"61":{"start":{"line":155,"column":6},"end":{"line":154,"column":45}},"62":{"start":{"line":160,"column":4},"end":{"line":160,"column":3}},"63":{"start":{"line":161,"column":6},"end":{"line":160,"column":39}},"64":{"start":{"line":164,"column":6},"end":{"line":163,"column":9}},"65":{"start":{"line":169,"column":4},"end":{"line":168,"column":25}},"66":{"start":{"line":173,"column":4},"end":{"line":null,"column":-1}},"67":{"start":{"line":182,"column":4},"end":{"line":null,"column":-1}},"68":{"start":{"line":181,"column":32},"end":{"line":185,"column":8}},"69":{"start":{"line":181,"column":32},"end":{"line":181,"column":31}},"70":{"start":{"line":192,"column":4},"end":{"line":191,"column":23}}},"branchMap":{"1":{"line":7,"type":"if","locations":[{"start":{"line":7,"column":4},"end":{"line":7,"column":7}},{"start":{"line":7,"column":4},"end":{"line":7,"column":7}}]},"2":{"line":31,"type":"if","locations":[{"start":{"line":31,"column":4},"end":{"line":31,"column":7}},{"start":{"line":31,"column":4},"end":{"line":31,"column":7}}]},"3":{"line":44,"type":"if","locations":[{"start":{"line":44,"column":4},"end":{"line":44,"column":7}},{"start":{"line":44,"column":4},"end":{"line":44,"column":7}}]},"4":{"line":52,"type":"if","locations":[{"start":{"line":52,"column":4},"end":{"line":52,"column":7}},{"start":{"line":52,"column":4},"end":{"line":52,"column":7}}]},"5":{"line":64,"type":"if","locations":[{"start":{"line":64,"column":4},"end":{"line":64,"column":7}},{"start":{"line":64,"column":4},"end":{"line":64,"column":7}}]},"6":{"line":67,"type":"if","locations":[{"start":{"line":67,"column":9},"end":{"line":67,"column":8}},{"start":{"line":67,"column":9},"end":{"line":67,"column":8}}]},"7":{"line":70,"type":"if","locations":[{"start":{"line":70,"column":9},"end":{"line":70,"column":8}},{"start":{"line":70,"column":9},"end":{"line":70,"column":8}}]},"8":{"line":86,"type":"if","locations":[{"start":{"line":86,"column":4},"end":{"line":86,"column":7}},{"start":{"line":86,"column":4},"end":{"line":86,"column":7}}]},"9":{"line":104,"type":"if","locations":[{"start":{"line":104,"column":4},"end":{"line":104,"column":7}},{"start":{"line":104,"column":4},"end":{"line":104,"column":7}}]},"10":{"line":107,"type":"if","locations":[{"start":{"line":107,"column":9},"end":{"line":107,"column":8}},{"start":{"line":107,"column":9},"end":{"line":107,"column":8}}]},"11":{"line":113,"type":"if","locations":[{"start":{"line":113,"column":4},"end":{"line":113,"column":7}},{"start":{"line":113,"column":4},"end":{"line":113,"column":7}}]},"12":{"line":132,"type":"if","locations":[{"start":{"line":132,"column":4},"end":{"line":132,"column":7}},{"start":{"line":132,"column":4},"end":{"line":132,"column":7}}]},"13":{"line":151,"type":"if","locations":[{"start":{"line":151,"column":4},"end":{"line":151,"column":7}},{"start":{"line":151,"column":4},"end":{"line":151,"column":7}}]},"14":{"line":154,"type":"if","locations":[{"start":{"line":154,"column":9},"end":{"line":154,"column":8}},{"start":{"line":154,"column":9},"end":{"line":154,"column":8}}]},"15":{"line":160,"type":"if","locations":[{"start":{"line":160,"column":4},"end":{"line":160,"column":7}},{"start":{"line":160,"column":4},"end":{"line":160,"column":7}}]}}},"C:\\Users\\Rodrigo\\Codigo\\interprete-pl\\src\\parser\\SourceWrapper.js":{"path":"C:\\Users\\Rodrigo\\Codigo\\interprete-pl\\src\\parser\\SourceWrapper.js","s":{"1":1,"2":1,"3":1,"4":1,"5":146,"6":146,"7":146,"8":146,"9":146,"10":146,"11":146,"12":9203,"13":552,"14":8651,"15":2923,"16":2923,"17":2923,"18":2923,"19":69,"20":2,"21":67,"22":3069,"23":142,"24":2927,"25":2923,"26":152,"27":152,"28":2771},"b":{"1":[552,8651],"2":[2,67],"3":[142,2927],"4":[152,2771]},"f":{"1":1,"2":146},"fnMap":{"1":{"name":"(anonymous_5)","line":7,"loc":{"start":{"line":7,"column":21},"end":{"line":null,"column":-1}}},"2":{"name":"SourceWrapper","line":8,"loc":{"start":{"line":8,"column":2},"end":{"line":8,"column":22}}}},"statementMap":{"1":{"start":{"line":3,"column":0},"end":{"line":3,"column":18}},"2":{"start":{"line":4,"column":0},"end":{"line":4,"column":18}},"3":{"start":{"line":5,"column":0},"end":{"line":5,"column":4}},"4":{"start":{"line":8,"column":2},"end":{"line":8,"column":1}},"5":{"start":{"line":9,"column":4},"end":{"line":8,"column":22}},"6":{"start":{"line":10,"column":4},"end":{"line":8,"column":22}},"7":{"start":{"line":12,"column":4},"end":{"line":8,"column":22}},"8":{"start":{"line":14,"column":4},"end":{"line":8,"column":22}},"9":{"start":{"line":16,"column":4},"end":{"line":8,"column":22}},"10":{"start":{"line":17,"column":4},"end":{"line":8,"column":22}},"11":{"start":{"line":19,"column":4},"end":{"line":8,"column":22}},"12":{"start":{"line":23,"column":4},"end":{"line":23,"column":3}},"13":{"start":{"line":24,"column":6},"end":{"line":23,"column":36}},"14":{"start":{"line":27,"column":6},"end":{"line":26,"column":9}},"15":{"start":{"line":32,"column":4},"end":{"line":31,"column":13}},"16":{"start":{"line":33,"column":4},"end":{"line":31,"column":13}},"17":{"start":{"line":34,"column":4},"end":{"line":31,"column":13}},"18":{"start":{"line":35,"column":4},"end":{"line":31,"column":13}},"19":{"start":{"line":39,"column":4},"end":{"line":39,"column":3}},"20":{"start":{"line":40,"column":6},"end":{"line":39,"column":49}},"21":{"start":{"line":43,"column":6},"end":{"line":42,"column":9}},"22":{"start":{"line":48,"column":4},"end":{"line":48,"column":3}},"23":{"start":{"line":49,"column":6},"end":{"line":48,"column":45}},"24":{"start":{"line":52,"column":6},"end":{"line":51,"column":9}},"25":{"start":{"line":57,"column":4},"end":{"line":57,"column":3}},"26":{"start":{"line":58,"column":6},"end":{"line":57,"column":52}},"27":{"start":{"line":59,"column":6},"end":{"line":57,"column":52}},"28":{"start":{"line":62,"column":6},"end":{"line":61,"column":9}}},"branchMap":{"1":{"line":23,"type":"if","locations":[{"start":{"line":23,"column":4},"end":{"line":23,"column":7}},{"start":{"line":23,"column":4},"end":{"line":23,"column":7}}]},"2":{"line":39,"type":"if","locations":[{"start":{"line":39,"column":4},"end":{"line":39,"column":7}},{"start":{"line":39,"column":4},"end":{"line":39,"column":7}}]},"3":{"line":48,"type":"if","locations":[{"start":{"line":48,"column":4},"end":{"line":48,"column":7}},{"start":{"line":48,"column":4},"end":{"line":48,"column":7}}]},"4":{"line":57,"type":"if","locations":[{"start":{"line":57,"column":4},"end":{"line":57,"column":7}},{"start":{"line":57,"column":4},"end":{"line":57,"column":7}}]}}},"C:\\Users\\Rodrigo\\Codigo\\interprete-pl\\src\\parser\\TokenTypes.js":{"path":"C:\\Users\\Rodrigo\\Codigo\\interprete-pl\\src\\parser\\TokenTypes.js","s":{"1":1,"2":185,"3":185,"4":116,"5":116,"6":1,"7":161,"8":161,"9":161,"10":161,"11":161,"12":161,"13":161,"14":161,"15":161,"16":40,"17":40,"18":161,"19":5,"20":5,"21":5,"22":4,"23":9,"24":9,"25":4,"26":1,"27":1,"28":1,"29":1,"30":1,"31":1,"32":161,"33":156,"34":5,"35":4,"36":1,"37":367,"38":367,"39":367,"40":367,"41":367,"42":16,"43":16,"44":16,"45":16,"46":17,"47":17,"48":8,"49":8,"50":2,"51":2,"52":45,"53":45,"54":36,"55":36,"56":36,"57":3,"58":3,"59":3,"60":3,"61":3,"62":3,"63":3,"64":3,"65":45,"66":7,"67":7,"68":3,"69":3,"70":4,"71":7,"72":5,"73":5,"74":34,"75":34,"76":36,"77":36,"78":7,"79":7,"80":7,"81":7,"82":23,"83":23,"84":144,"85":144,"86":367,"87":473,"88":351,"89":122,"90":1,"91":8,"92":8,"93":8,"94":8,"95":8,"96":8,"97":8,"98":8,"99":8,"100":94,"101":94,"102":8,"103":7,"104":1,"105":1,"106":1,"107":1,"108":1,"109":1,"110":8,"111":1,"112":259,"113":12,"114":12,"115":0,"116":52,"117":26,"118":26,"119":15,"120":13,"121":2,"122":22,"123":22,"124":0,"125":33,"126":29,"127":4,"128":7,"129":6,"130":1,"131":33,"132":15,"133":18,"134":47,"135":45,"136":2,"137":1,"138":0,"139":1,"140":13,"141":5,"142":8,"143":0,"144":0,"145":0,"146":0,"147":0,"148":0,"149":24,"150":1,"151":259,"152":259,"153":259,"154":259,"155":259,"156":259,"157":259,"158":259,"159":1461,"160":259,"161":259,"162":1202,"163":1202,"164":259,"165":173,"166":1,"167":1,"168":1,"169":1,"170":1,"171":1},"b":{"1":[116,69],"2":[5,156],"3":[4,1],"4":[156,5],"5":[4,1],"6":[16,16,17,8,2,45,7,5,34,36,7,7,23,144],"7":[36,3,3,3],"8":[3,4],"9":[15,30,46,53,54,58,100,105,138,173,179,185,207,351,122],"10":[102,95],"11":[7,1],"12":[12,52,15,22,33,7,33,47,1,13,0,0,24],"13":[10,12,0],"14":[15,20,21,23,25,26,26],"15":[7,7,13,2],"16":[8,13,13,22,0],"17":[14,29,29,4],"18":[0,6,6,1],"19":[9,15,15,18],"20":[16,45,2],"21":[0,1],"22":[5,8],"23":[0,0],"24":[0,0],"25":[1461,1450,271],"26":[173,86]},"f":{"1":185,"2":1,"3":161,"4":1,"5":367,"6":1,"7":8,"8":259,"9":1,"10":259,"11":1461,"12":1},"fnMap":{"1":{"name":"EoFToken","line":6,"loc":{"start":{"line":6,"column":2},"end":{"line":6,"column":22}}},"2":{"name":"(anonymous_6)","line":15,"loc":{"start":{"line":15,"column":13},"end":{"line":null,"column":-1}}},"3":{"name":"NumberToken","line":16,"loc":{"start":{"line":16,"column":2},"end":{"line":16,"column":22}}},"4":{"name":"(anonymous_9)","line":62,"loc":{"start":{"line":62,"column":13},"end":{"line":null,"column":-1}}},"5":{"name":"SpecialSymbolToken","line":63,"loc":{"start":{"line":63,"column":2},"end":{"line":63,"column":22}}},"6":{"name":"(anonymous_13)","line":170,"loc":{"start":{"line":170,"column":13},"end":{"line":null,"column":-1}}},"7":{"name":"StringToken","line":171,"loc":{"start":{"line":171,"column":2},"end":{"line":171,"column":22}}},"8":{"name":"isReservedWord","line":208,"loc":{"start":{"line":208,"column":0},"end":{"line":208,"column":30}}},"9":{"name":"(anonymous_17)","line":317,"loc":{"start":{"line":317,"column":13},"end":{"line":null,"column":-1}}},"10":{"name":"WordToken","line":318,"loc":{"start":{"line":318,"column":2},"end":{"line":318,"column":22}}},"11":{"name":"isDigitOrLetter","line":331,"loc":{"start":{"line":331,"column":26},"end":{"line":331,"column":33}}},"12":{"name":"UnknownToken","line":345,"loc":{"start":{"line":345,"column":2},"end":{"line":345,"column":22}}}},"statementMap":{"1":{"start":{"line":3,"column":0},"end":{"line":null,"column":-1}},"2":{"start":{"line":7,"column":4},"end":{"line":6,"column":22}},"3":{"start":{"line":8,"column":4},"end":{"line":8,"column":3}},"4":{"start":{"line":9,"column":6},"end":{"line":8,"column":16}},"5":{"start":{"line":10,"column":6},"end":{"line":8,"column":16}},"6":{"start":{"line":16,"column":2},"end":{"line":16,"column":1}},"7":{"start":{"line":18,"column":4},"end":{"line":16,"column":22}},"8":{"start":{"line":19,"column":4},"end":{"line":16,"column":22}},"9":{"start":{"line":20,"column":4},"end":{"line":16,"column":22}},"10":{"start":{"line":21,"column":4},"end":{"line":16,"column":22}},"11":{"start":{"line":22,"column":4},"end":{"line":16,"column":22}},"12":{"start":{"line":26,"column":4},"end":{"line":25,"column":18}},"13":{"start":{"line":27,"column":4},"end":{"line":25,"column":18}},"14":{"start":{"line":29,"column":4},"end":{"line":25,"column":18}},"15":{"start":{"line":30,"column":4},"end":{"line":30,"column":3}},"16":{"start":{"line":31,"column":6},"end":{"line":30,"column":48}},"17":{"start":{"line":32,"column":6},"end":{"line":30,"column":48}},"18":{"start":{"line":35,"column":4},"end":{"line":35,"column":3}},"19":{"start":{"line":36,"column":6},"end":{"line":35,"column":19}},"20":{"start":{"line":37,"column":6},"end":{"line":35,"column":19}},"21":{"start":{"line":38,"column":6},"end":{"line":38,"column":5}},"22":{"start":{"line":39,"column":8},"end":{"line":39,"column":7}},"23":{"start":{"line":40,"column":10},"end":{"line":39,"column":52}},"24":{"start":{"line":41,"column":10},"end":{"line":39,"column":52}},"25":{"start":{"line":43,"column":8},"end":{"line":38,"column":43}},"26":{"start":{"line":46,"column":8},"end":{"line":45,"column":11}},"27":{"start":{"line":47,"column":8},"end":{"line":45,"column":11}},"28":{"start":{"line":48,"column":8},"end":{"line":45,"column":11}},"29":{"start":{"line":49,"column":8},"end":{"line":45,"column":11}},"30":{"start":{"line":50,"column":8},"end":{"line":45,"column":11}},"31":{"start":{"line":51,"column":8},"end":{"line":45,"column":11}},"32":{"start":{"line":55,"column":4},"end":{"line":57,"column":9}},"33":{"start":{"line":56,"column":6},"end":{"line":55,"column":4}},"34":{"start":{"line":57,"column":9},"end":{"line":57,"column":8}},"35":{"start":{"line":58,"column":6},"end":{"line":57,"column":9}},"36":{"start":{"line":63,"column":2},"end":{"line":63,"column":1}},"37":{"start":{"line":64,"column":4},"end":{"line":63,"column":22}},"38":{"start":{"line":65,"column":4},"end":{"line":63,"column":22}},"39":{"start":{"line":66,"column":4},"end":{"line":63,"column":22}},"40":{"start":{"line":92,"column":4},"end":{"line":91,"column":18}},"41":{"start":{"line":94,"column":4},"end":{"line":null,"column":-1}},"42":{"start":{"line":96,"column":8},"end":{"line":95,"column":6}},"43":{"start":{"line":97,"column":8},"end":{"line":95,"column":6}},"44":{"start":{"line":99,"column":8},"end":{"line":98,"column":6}},"45":{"start":{"line":100,"column":8},"end":{"line":98,"column":6}},"46":{"start":{"line":102,"column":8},"end":{"line":101,"column":6}},"47":{"start":{"line":103,"column":8},"end":{"line":101,"column":6}},"48":{"start":{"line":105,"column":8},"end":{"line":104,"column":6}},"49":{"start":{"line":106,"column":8},"end":{"line":104,"column":6}},"50":{"start":{"line":108,"column":8},"end":{"line":107,"column":6}},"51":{"start":{"line":109,"column":8},"end":{"line":107,"column":6}},"52":{"start":{"line":112,"column":10},"end":{"line":111,"column":8}},"53":{"start":{"line":113,"column":10},"end":{"line":111,"column":8}},"54":{"start":{"line":115,"column":14},"end":{"line":114,"column":12}},"55":{"start":{"line":116,"column":14},"end":{"line":114,"column":12}},"56":{"start":{"line":117,"column":14},"end":{"line":114,"column":12}},"57":{"start":{"line":119,"column":14},"end":{"line":118,"column":12}},"58":{"start":{"line":120,"column":14},"end":{"line":118,"column":12}},"59":{"start":{"line":121,"column":14},"end":{"line":118,"column":12}},"60":{"start":{"line":123,"column":14},"end":{"line":122,"column":12}},"61":{"start":{"line":124,"column":14},"end":{"line":122,"column":12}},"62":{"start":{"line":125,"column":14},"end":{"line":122,"column":12}},"63":{"start":{"line":127,"column":14},"end":{"line":126,"column":12}},"64":{"start":{"line":128,"column":14},"end":{"line":126,"column":12}},"65":{"start":{"line":131,"column":8},"end":{"line":110,"column":6}},"66":{"start":{"line":134,"column":10},"end":{"line":133,"column":8}},"67":{"start":{"line":135,"column":10},"end":{"line":135,"column":9}},"68":{"start":{"line":136,"column":12},"end":{"line":135,"column":28}},"69":{"start":{"line":137,"column":12},"end":{"line":135,"column":28}},"70":{"start":{"line":140,"column":12},"end":{"line":135,"column":10}},"71":{"start":{"line":142,"column":8},"end":{"line":132,"column":6}},"72":{"start":{"line":144,"column":8},"end":{"line":143,"column":6}},"73":{"start":{"line":145,"column":8},"end":{"line":143,"column":6}},"74":{"start":{"line":147,"column":8},"end":{"line":146,"column":6}},"75":{"start":{"line":148,"column":8},"end":{"line":146,"column":6}},"76":{"start":{"line":150,"column":8},"end":{"line":149,"column":6}},"77":{"start":{"line":151,"column":8},"end":{"line":149,"column":6}},"78":{"start":{"line":153,"column":8},"end":{"line":152,"column":6}},"79":{"start":{"line":154,"column":8},"end":{"line":152,"column":6}},"80":{"start":{"line":156,"column":8},"end":{"line":155,"column":6}},"81":{"start":{"line":157,"column":8},"end":{"line":155,"column":6}},"82":{"start":{"line":159,"column":8},"end":{"line":158,"column":6}},"83":{"start":{"line":160,"column":8},"end":{"line":158,"column":6}},"84":{"start":{"line":162,"column":8},"end":{"line":161,"column":6}},"85":{"start":{"line":163,"column":8},"end":{"line":161,"column":6}},"86":{"start":{"line":91,"column":18},"end":{"line":91,"column":17}},"87":{"start":{"line":70,"column":4},"end":{"line":69,"column":32}},"88":{"start":{"line":85,"column":8},"end":{"line":84,"column":6}},"89":{"start":{"line":87,"column":8},"end":{"line":86,"column":6}},"90":{"start":{"line":171,"column":2},"end":{"line":171,"column":1}},"91":{"start":{"line":172,"column":4},"end":{"line":171,"column":22}},"92":{"start":{"line":173,"column":4},"end":{"line":171,"column":22}},"93":{"start":{"line":174,"column":4},"end":{"line":171,"column":22}},"94":{"start":{"line":175,"column":4},"end":{"line":171,"column":22}},"95":{"start":{"line":176,"column":4},"end":{"line":171,"column":22}},"96":{"start":{"line":182,"column":4},"end":{"line":179,"column":18}},"97":{"start":{"line":183,"column":4},"end":{"line":179,"column":18}},"98":{"start":{"line":185,"column":4},"end":{"line":179,"column":18}},"99":{"start":{"line":186,"column":4},"end":{"line":186,"column":3}},"100":{"start":{"line":187,"column":6},"end":{"line":186,"column":63}},"101":{"start":{"line":188,"column":6},"end":{"line":186,"column":63}},"102":{"start":{"line":191,"column":4},"end":{"line":191,"column":3}},"103":{"start":{"line":192,"column":6},"end":{"line":191,"column":4}},"104":{"start":{"line":194,"column":6},"end":{"line":193,"column":9}},"105":{"start":{"line":195,"column":6},"end":{"line":193,"column":9}},"106":{"start":{"line":196,"column":6},"end":{"line":193,"column":9}},"107":{"start":{"line":197,"column":6},"end":{"line":193,"column":9}},"108":{"start":{"line":198,"column":6},"end":{"line":193,"column":9}},"109":{"start":{"line":199,"column":6},"end":{"line":193,"column":9}},"110":{"start":{"line":179,"column":18},"end":{"line":179,"column":17}},"111":{"start":{"line":208,"column":0},"end":{"line":208,"column":-1}},"112":{"start":{"line":209,"column":2},"end":{"line":208,"column":30}},"113":{"start":{"line":211,"column":6},"end":{"line":210,"column":4}},"114":{"start":{"line":214,"column":10},"end":{"line":213,"column":8}},"115":{"start":{"line":216,"column":10},"end":{"line":215,"column":8}},"116":{"start":{"line":219,"column":6},"end":{"line":218,"column":4}},"117":{"start":{"line":226,"column":10},"end":{"line":225,"column":8}},"118":{"start":{"line":228,"column":10},"end":{"line":227,"column":8}},"119":{"start":{"line":231,"column":6},"end":{"line":230,"column":4}},"120":{"start":{"line":235,"column":10},"end":{"line":234,"column":8}},"121":{"start":{"line":237,"column":10},"end":{"line":236,"column":8}},"122":{"start":{"line":240,"column":6},"end":{"line":239,"column":4}},"123":{"start":{"line":245,"column":10},"end":{"line":244,"column":8}},"124":{"start":{"line":247,"column":10},"end":{"line":246,"column":8}},"125":{"start":{"line":250,"column":6},"end":{"line":249,"column":4}},"126":{"start":{"line":254,"column":10},"end":{"line":253,"column":8}},"127":{"start":{"line":256,"column":10},"end":{"line":255,"column":8}},"128":{"start":{"line":259,"column":6},"end":{"line":258,"column":4}},"129":{"start":{"line":263,"column":10},"end":{"line":262,"column":8}},"130":{"start":{"line":265,"column":10},"end":{"line":264,"column":8}},"131":{"start":{"line":268,"column":6},"end":{"line":267,"column":4}},"132":{"start":{"line":272,"column":10},"end":{"line":271,"column":8}},"133":{"start":{"line":274,"column":10},"end":{"line":273,"column":8}},"134":{"start":{"line":277,"column":6},"end":{"line":276,"column":4}},"135":{"start":{"line":280,"column":10},"end":{"line":279,"column":8}},"136":{"start":{"line":282,"column":10},"end":{"line":281,"column":8}},"137":{"start":{"line":285,"column":6},"end":{"line":284,"column":4}},"138":{"start":{"line":287,"column":10},"end":{"line":286,"column":8}},"139":{"start":{"line":289,"column":10},"end":{"line":288,"column":8}},"140":{"start":{"line":292,"column":6},"end":{"line":291,"column":4}},"141":{"start":{"line":294,"column":10},"end":{"line":293,"column":8}},"142":{"start":{"line":296,"column":10},"end":{"line":295,"column":8}},"143":{"start":{"line":299,"column":6},"end":{"line":298,"column":4}},"144":{"start":{"line":301,"column":10},"end":{"line":300,"column":8}},"145":{"start":{"line":303,"column":10},"end":{"line":302,"column":8}},"146":{"start":{"line":306,"column":6},"end":{"line":305,"column":4}},"147":{"start":{"line":308,"column":10},"end":{"line":307,"column":8}},"148":{"start":{"line":310,"column":10},"end":{"line":309,"column":8}},"149":{"start":{"line":313,"column":6},"end":{"line":312,"column":4}},"150":{"start":{"line":318,"column":2},"end":{"line":318,"column":1}},"151":{"start":{"line":319,"column":4},"end":{"line":318,"column":22}},"152":{"start":{"line":320,"column":4},"end":{"line":318,"column":22}},"153":{"start":{"line":321,"column":4},"end":{"line":318,"column":22}},"154":{"start":{"line":322,"column":4},"end":{"line":318,"column":22}},"155":{"start":{"line":323,"column":4},"end":{"line":318,"column":22}},"156":{"start":{"line":328,"column":4},"end":{"line":326,"column":18}},"157":{"start":{"line":329,"column":4},"end":{"line":326,"column":18}},"158":{"start":{"line":331,"column":4},"end":{"line":326,"column":18}},"159":{"start":{"line":331,"column":34},"end":{"line":331,"column":33}},"160":{"start":{"line":333,"column":4},"end":{"line":326,"column":18}},"161":{"start":{"line":334,"column":4},"end":{"line":334,"column":3}},"162":{"start":{"line":335,"column":6},"end":{"line":334,"column":56}},"163":{"start":{"line":336,"column":6},"end":{"line":334,"column":56}},"164":{"start":{"line":339,"column":4},"end":{"line":339,"column":3}},"165":{"start":{"line":340,"column":6},"end":{"line":339,"column":4}},"166":{"start":{"line":346,"column":4},"end":{"line":345,"column":22}},"167":{"start":{"line":347,"column":4},"end":{"line":345,"column":22}},"168":{"start":{"line":348,"column":4},"end":{"line":345,"column":22}},"169":{"start":{"line":349,"column":4},"end":{"line":345,"column":22}},"170":{"start":{"line":350,"column":4},"end":{"line":345,"column":22}},"171":{"start":{"line":351,"column":4},"end":{"line":345,"column":22}}},"branchMap":{"1":{"line":8,"type":"if","locations":[{"start":{"line":8,"column":4},"end":{"line":8,"column":7}},{"start":{"line":8,"column":4},"end":{"line":8,"column":7}}]},"2":{"line":35,"type":"if","locations":[{"start":{"line":35,"column":4},"end":{"line":35,"column":7}},{"start":{"line":35,"column":4},"end":{"line":35,"column":7}}]},"3":{"line":38,"type":"if","locations":[{"start":{"line":38,"column":6},"end":{"line":38,"column":10}},{"start":{"line":38,"column":6},"end":{"line":38,"column":10}}]},"4":{"line":55,"type":"if","locations":[{"start":{"line":55,"column":4},"end":{"line":55,"column":7}},{"start":{"line":55,"column":4},"end":{"line":55,"column":7}}]},"5":{"line":57,"type":"if","locations":[{"start":{"line":57,"column":9},"end":{"line":57,"column":8}},{"start":{"line":57,"column":9},"end":{"line":57,"column":8}}]},"6":{"line":95,"type":"switch","locations":[{"start":{"line":95,"column":6},"end":{"line":95,"column":5}},{"start":{"line":94,"column":4},"end":{"line":98,"column":6}},{"start":{"line":94,"column":4},"end":{"line":101,"column":6}},{"start":{"line":94,"column":4},"end":{"line":104,"column":6}},{"start":{"line":94,"column":4},"end":{"line":107,"column":6}},{"start":{"line":94,"column":4},"end":{"line":110,"column":6}},{"start":{"line":94,"column":4},"end":{"line":132,"column":6}},{"start":{"line":94,"column":4},"end":{"line":143,"column":6}},{"start":{"line":94,"column":4},"end":{"line":146,"column":6}},{"start":{"line":94,"column":4},"end":{"line":149,"column":6}},{"start":{"line":94,"column":4},"end":{"line":152,"column":6}},{"start":{"line":94,"column":4},"end":{"line":155,"column":6}},{"start":{"line":94,"column":4},"end":{"line":158,"column":6}},{"start":{"line":94,"column":4},"end":{"line":161,"column":6}}]},"7":{"line":114,"type":"switch","locations":[{"start":{"line":114,"column":12},"end":{"line":114,"column":11}},{"start":{"line":113,"column":10},"end":{"line":118,"column":12}},{"start":{"line":113,"column":10},"end":{"line":122,"column":12}},{"start":{"line":113,"column":10},"end":{"line":126,"column":12}}]},"8":{"line":135,"type":"if","locations":[{"start":{"line":135,"column":10},"end":{"line":135,"column":13}},{"start":{"line":135,"column":10},"end":{"line":135,"column":13}}]},"9":{"line":71,"type":"switch","locations":[{"start":{"line":71,"column":6},"end":{"line":70,"column":4}},{"start":{"line":72,"column":6},"end":{"line":70,"column":4}},{"start":{"line":73,"column":6},"end":{"line":70,"column":4}},{"start":{"line":74,"column":6},"end":{"line":70,"column":4}},{"start":{"line":75,"column":6},"end":{"line":70,"column":4}},{"start":{"line":76,"column":6},"end":{"line":70,"column":4}},{"start":{"line":77,"column":6},"end":{"line":70,"column":4}},{"start":{"line":78,"column":6},"end":{"line":70,"column":4}},{"start":{"line":79,"column":6},"end":{"line":70,"column":4}},{"start":{"line":80,"column":6},"end":{"line":70,"column":4}},{"start":{"line":81,"column":6},"end":{"line":70,"column":4}},{"start":{"line":82,"column":6},"end":{"line":70,"column":4}},{"start":{"line":83,"column":6},"end":{"line":70,"column":4}},{"start":{"line":84,"column":6},"end":{"line":84,"column":5}},{"start":{"line":70,"column":4},"end":{"line":86,"column":6}}]},"10":{"line":186,"type":"binary-expr","locations":[{"start":{"line":186,"column":12},"end":{"line":186,"column":11}},{"start":{"line":186,"column":50},"end":{"line":186,"column":49}}]},"11":{"line":191,"type":"if","locations":[{"start":{"line":191,"column":4},"end":{"line":191,"column":7}},{"start":{"line":191,"column":4},"end":{"line":191,"column":7}}]},"12":{"line":210,"type":"switch","locations":[{"start":{"line":210,"column":4},"end":{"line":210,"column":3}},{"start":{"line":209,"column":2},"end":{"line":218,"column":4}},{"start":{"line":209,"column":2},"end":{"line":230,"column":4}},{"start":{"line":209,"column":2},"end":{"line":239,"column":4}},{"start":{"line":209,"column":2},"end":{"line":249,"column":4}},{"start":{"line":209,"column":2},"end":{"line":258,"column":4}},{"start":{"line":209,"column":2},"end":{"line":267,"column":4}},{"start":{"line":209,"column":2},"end":{"line":276,"column":4}},{"start":{"line":209,"column":2},"end":{"line":284,"column":4}},{"start":{"line":209,"column":2},"end":{"line":291,"column":4}},{"start":{"line":209,"column":2},"end":{"line":298,"column":4}},{"start":{"line":209,"column":2},"end":{"line":305,"column":4}},{"start":{"line":209,"column":2},"end":{"line":312,"column":4}}]},"13":{"line":212,"type":"switch","locations":[{"start":{"line":212,"column":8},"end":{"line":211,"column":6}},{"start":{"line":213,"column":8},"end":{"line":213,"column":7}},{"start":{"line":211,"column":6},"end":{"line":215,"column":8}}]},"14":{"line":220,"type":"switch","locations":[{"start":{"line":220,"column":8},"end":{"line":219,"column":6}},{"start":{"line":221,"column":8},"end":{"line":219,"column":6}},{"start":{"line":222,"column":8},"end":{"line":219,"column":6}},{"start":{"line":223,"column":8},"end":{"line":219,"column":6}},{"start":{"line":224,"column":8},"end":{"line":219,"column":6}},{"start":{"line":225,"column":8},"end":{"line":225,"column":7}},{"start":{"line":219,"column":6},"end":{"line":227,"column":8}}]},"15":{"line":232,"type":"switch","locations":[{"start":{"line":232,"column":8},"end":{"line":231,"column":6}},{"start":{"line":233,"column":8},"end":{"line":231,"column":6}},{"start":{"line":234,"column":8},"end":{"line":234,"column":7}},{"start":{"line":231,"column":6},"end":{"line":236,"column":8}}]},"16":{"line":241,"type":"switch","locations":[{"start":{"line":241,"column":8},"end":{"line":240,"column":6}},{"start":{"line":242,"column":8},"end":{"line":240,"column":6}},{"start":{"line":243,"column":8},"end":{"line":240,"column":6}},{"start":{"line":244,"column":8},"end":{"line":244,"column":7}},{"start":{"line":240,"column":6},"end":{"line":246,"column":8}}]},"17":{"line":251,"type":"switch","locations":[{"start":{"line":251,"column":8},"end":{"line":250,"column":6}},{"start":{"line":252,"column":8},"end":{"line":250,"column":6}},{"start":{"line":253,"column":8},"end":{"line":253,"column":7}},{"start":{"line":250,"column":6},"end":{"line":255,"column":8}}]},"18":{"line":260,"type":"switch","locations":[{"start":{"line":260,"column":8},"end":{"line":259,"column":6}},{"start":{"line":261,"column":8},"end":{"line":259,"column":6}},{"start":{"line":262,"column":8},"end":{"line":262,"column":7}},{"start":{"line":259,"column":6},"end":{"line":264,"column":8}}]},"19":{"line":269,"type":"switch","locations":[{"start":{"line":269,"column":8},"end":{"line":268,"column":6}},{"start":{"line":270,"column":8},"end":{"line":268,"column":6}},{"start":{"line":271,"column":8},"end":{"line":271,"column":7}},{"start":{"line":268,"column":6},"end":{"line":273,"column":8}}]},"20":{"line":278,"type":"switch","locations":[{"start":{"line":278,"column":8},"end":{"line":277,"column":6}},{"start":{"line":279,"column":8},"end":{"line":279,"column":7}},{"start":{"line":277,"column":6},"end":{"line":281,"column":8}}]},"21":{"line":286,"type":"switch","locations":[{"start":{"line":286,"column":8},"end":{"line":286,"column":7}},{"start":{"line":285,"column":6},"end":{"line":288,"column":8}}]},"22":{"line":293,"type":"switch","locations":[{"start":{"line":293,"column":8},"end":{"line":293,"column":7}},{"start":{"line":292,"column":6},"end":{"line":295,"column":8}}]},"23":{"line":300,"type":"switch","locations":[{"start":{"line":300,"column":8},"end":{"line":300,"column":7}},{"start":{"line":299,"column":6},"end":{"line":302,"column":8}}]},"24":{"line":307,"type":"switch","locations":[{"start":{"line":307,"column":8},"end":{"line":307,"column":7}},{"start":{"line":306,"column":6},"end":{"line":309,"column":8}}]},"25":{"line":331,"type":"binary-expr","locations":[{"start":{"line":331,"column":41},"end":{"line":331,"column":54}},{"start":{"line":331,"column":55},"end":{"line":331,"column":41}},{"start":{"line":331,"column":70},"end":{"line":331,"column":69}}]},"26":{"line":339,"type":"if","locations":[{"start":{"line":339,"column":4},"end":{"line":339,"column":7}},{"start":{"line":339,"column":4},"end":{"line":339,"column":7}}]}}},"C:\\Users\\Rodrigo\\Codigo\\interprete-pl\\src\\utility\\StringMethods.js":{"path":"C:\\Users\\Rodrigo\\Codigo\\interprete-pl\\src\\utility\\StringMethods.js","s":{"1":1,"2":1,"3":1},"b":{"1":[1874,1133]},"f":{"1":2565,"2":2177,"3":1874},"fnMap":{"1":{"name":"isDigit","line":3,"loc":{"start":{"line":3,"column":23},"end":{"line":null,"column":-1}}},"2":{"name":"isLetter","line":4,"loc":{"start":{"line":4,"column":24},"end":{"line":null,"column":-1}}},"3":{"name":"isWhiteSpace","line":5,"loc":{"start":{"line":5,"column":28},"end":{"line":null,"column":-1}}}},"statementMap":{"1":{"start":{"line":3,"column":7},"end":{"line":3,"column":23}},"2":{"start":{"line":4,"column":7},"end":{"line":4,"column":24}},"3":{"start":{"line":5,"column":7},"end":{"line":5,"column":28}}},"branchMap":{"1":{"line":5,"type":"binary-expr","locations":[{"start":{"line":5,"column":36},"end":{"line":5,"column":55}},{"start":{"line":5,"column":56},"end":{"line":5,"column":55}}]}}},"C:\\Users\\Rodrigo\\Codigo\\interprete-pl\\src\\parser\\Lexer.js":{"path":"C:\\Users\\Rodrigo\\Codigo\\interprete-pl\\src\\parser\\Lexer.js","s":{"1":1,"2":1,"3":1,"4":1,"5":1,"6":116,"7":107,"8":9,"9":9,"10":9,"11":9,"12":9,"13":128,"14":1,"15":127,"16":128,"17":9,"18":9,"19":1,"20":1,"21":1,"22":8,"23":8,"24":8,"25":3694,"26":693,"27":17,"28":885,"29":320,"30":669,"31":2,"32":24,"33":885,"34":2,"35":885,"36":320,"37":885,"38":885,"39":885,"40":158,"41":727,"42":255,"43":472,"44":350,"45":122,"46":5,"47":117,"48":116,"49":1,"50":885,"51":9,"52":0},"b":{"1":[107,9],"2":[1,127],"3":[1,8],"4":[885,17],"5":[26,24],"6":[2,883],"7":[320,565],"8":[158,727],"9":[255,472],"10":[350,122],"11":[5,117],"12":[116,1]},"f":{"1":1,"2":116},"fnMap":{"1":{"name":"(anonymous_6)","line":14,"loc":{"start":{"line":14,"column":21},"end":{"line":null,"column":-1}}},"2":{"name":"Lexer","line":19,"loc":{"start":{"line":19,"column":2},"end":{"line":19,"column":22}}}},"statementMap":{"1":{"start":{"line":3,"column":0},"end":{"line":null,"column":-1}},"2":{"start":{"line":5,"column":0},"end":{"line":null,"column":-1}},"3":{"start":{"line":7,"column":0},"end":{"line":null,"column":-1}},"4":{"start":{"line":9,"column":0},"end":{"line":9,"column":28}},"5":{"start":{"line":19,"column":2},"end":{"line":19,"column":1}},"6":{"start":{"line":20,"column":4},"end":{"line":20,"column":3}},"7":{"start":{"line":20,"column":16},"end":{"line":20,"column":4}},"8":{"start":{"line":24,"column":4},"end":{"line":23,"column":19}},"9":{"start":{"line":26,"column":4},"end":{"line":23,"column":19}},"10":{"start":{"line":27,"column":4},"end":{"line":23,"column":19}},"11":{"start":{"line":29,"column":4},"end":{"line":23,"column":19}},"12":{"start":{"line":31,"column":4},"end":{"line":31,"column":3}},"13":{"start":{"line":32,"column":6},"end":{"line":32,"column":5}},"14":{"start":{"line":33,"column":8},"end":{"line":32,"column":37}},"15":{"start":{"line":35,"column":8},"end":{"line":34,"column":13}},"16":{"start":{"line":37,"column":6},"end":{"line":31,"column":29}},"17":{"start":{"line":39,"column":4},"end":{"line":23,"column":19}},"18":{"start":{"line":41,"column":4},"end":{"line":41,"column":3}},"19":{"start":{"line":42,"column":6},"end":{"line":41,"column":31}},"20":{"start":{"line":43,"column":6},"end":{"line":41,"column":31}},"21":{"start":{"line":44,"column":6},"end":{"line":41,"column":31}},"22":{"start":{"line":46,"column":6},"end":{"line":45,"column":11}},"23":{"start":{"line":47,"column":6},"end":{"line":45,"column":11}},"24":{"start":{"line":48,"column":6},"end":{"line":45,"column":11}},"25":{"start":{"line":54,"column":4},"end":{"line":53,"column":16}},"26":{"start":{"line":58,"column":4},"end":{"line":57,"column":13}},"27":{"start":{"line":62,"column":4},"end":{"line":61,"column":13}},"28":{"start":{"line":66,"column":4},"end":{"line":65,"column":18}},"29":{"start":{"line":78,"column":4},"end":{"line":78,"column":3}},"30":{"start":{"line":79,"column":6},"end":{"line":78,"column":45}},"31":{"start":{"line":84,"column":4},"end":{"line":84,"column":3}},"32":{"start":{"line":85,"column":6},"end":{"line":84,"column":95}},"33":{"start":{"line":91,"column":4},"end":{"line":91,"column":3}},"34":{"start":{"line":92,"column":6},"end":{"line":91,"column":30}},"35":{"start":{"line":95,"column":4},"end":{"line":95,"column":3}},"36":{"start":{"line":96,"column":6},"end":{"line":95,"column":4}},"37":{"start":{"line":98,"column":4},"end":{"line":89,"column":14}},"38":{"start":{"line":100,"column":4},"end":{"line":89,"column":14}},"39":{"start":{"line":102,"column":4},"end":{"line":110,"column":9}},"40":{"start":{"line":103,"column":6},"end":{"line":102,"column":4}},"41":{"start":{"line":104,"column":9},"end":{"line":110,"column":9}},"42":{"start":{"line":105,"column":6},"end":{"line":104,"column":9}},"43":{"start":{"line":106,"column":9},"end":{"line":110,"column":9}},"44":{"start":{"line":107,"column":6},"end":{"line":106,"column":9}},"45":{"start":{"line":108,"column":9},"end":{"line":110,"column":9}},"46":{"start":{"line":109,"column":6},"end":{"line":108,"column":9}},"47":{"start":{"line":110,"column":9},"end":{"line":110,"column":8}},"48":{"start":{"line":111,"column":6},"end":{"line":110,"column":9}},"49":{"start":{"line":113,"column":6},"end":{"line":110,"column":9}},"50":{"start":{"line":115,"column":4},"end":{"line":89,"column":14}},"51":{"start":{"line":70,"column":4},"end":{"line":69,"column":29}},"52":{"start":{"line":74,"column":4},"end":{"line":73,"column":15}}},"branchMap":{"1":{"line":20,"type":"if","locations":[{"start":{"line":20,"column":4},"end":{"line":20,"column":7}},{"start":{"line":20,"column":4},"end":{"line":20,"column":7}}]},"2":{"line":32,"type":"if","locations":[{"start":{"line":32,"column":6},"end":{"line":32,"column":9}},{"start":{"line":32,"column":6},"end":{"line":32,"column":9}}]},"3":{"line":41,"type":"if","locations":[{"start":{"line":41,"column":4},"end":{"line":41,"column":7}},{"start":{"line":41,"column":4},"end":{"line":41,"column":7}}]},"4":{"line":66,"type":"binary-expr","locations":[{"start":{"line":66,"column":11},"end":{"line":66,"column":10}},{"start":{"line":66,"column":41},"end":{"line":66,"column":40}}]},"5":{"line":84,"type":"binary-expr","locations":[{"start":{"line":84,"column":11},"end":{"line":84,"column":34}},{"start":{"line":84,"column":54},"end":{"line":84,"column":77}}]},"6":{"line":91,"type":"if","locations":[{"start":{"line":91,"column":4},"end":{"line":91,"column":7}},{"start":{"line":91,"column":4},"end":{"line":91,"column":7}}]},"7":{"line":95,"type":"if","locations":[{"start":{"line":95,"column":4},"end":{"line":95,"column":7}},{"start":{"line":95,"column":4},"end":{"line":95,"column":7}}]},"8":{"line":102,"type":"if","locations":[{"start":{"line":102,"column":4},"end":{"line":102,"column":7}},{"start":{"line":102,"column":4},"end":{"line":102,"column":7}}]},"9":{"line":104,"type":"if","locations":[{"start":{"line":104,"column":9},"end":{"line":104,"column":8}},{"start":{"line":104,"column":9},"end":{"line":104,"column":8}}]},"10":{"line":106,"type":"if","locations":[{"start":{"line":106,"column":9},"end":{"line":106,"column":8}},{"start":{"line":106,"column":9},"end":{"line":106,"column":8}}]},"11":{"line":108,"type":"if","locations":[{"start":{"line":108,"column":9},"end":{"line":108,"column":8}},{"start":{"line":108,"column":9},"end":{"line":108,"column":8}}]},"12":{"line":110,"type":"if","locations":[{"start":{"line":110,"column":9},"end":{"line":110,"column":8}},{"start":{"line":110,"column":9},"end":{"line":110,"column":8}}]}}},"C:\\Users\\Rodrigo\\Codigo\\interprete-pl\\src\\parser\\TokenQueue.js":{"path":"C:\\Users\\Rodrigo\\Codigo\\interprete-pl\\src\\parser\\TokenQueue.js","s":{"1":1,"2":1,"3":130,"4":130,"5":130,"6":130,"7":3083,"8":68,"9":3015,"10":645,"11":628,"12":17,"13":645,"14":39,"15":38,"16":1},"b":{"1":[68,3015],"2":[628,17],"3":[38,1]},"f":{"1":1,"2":130},"fnMap":{"1":{"name":"(anonymous_5)","line":4,"loc":{"start":{"line":4,"column":21},"end":{"line":null,"column":-1}}},"2":{"name":"TokenQueue","line":5,"loc":{"start":{"line":5,"column":2},"end":{"line":5,"column":21}}}},"statementMap":{"1":{"start":{"line":2,"column":0},"end":{"line":null,"column":-1}},"2":{"start":{"line":5,"column":2},"end":{"line":5,"column":1}},"3":{"start":{"line":6,"column":4},"end":{"line":5,"column":21}},"4":{"start":{"line":7,"column":4},"end":{"line":5,"column":21}},"5":{"start":{"line":8,"column":4},"end":{"line":5,"column":21}},"6":{"start":{"line":9,"column":4},"end":{"line":5,"column":21}},"7":{"start":{"line":13,"column":4},"end":{"line":13,"column":3}},"8":{"start":{"line":14,"column":6},"end":{"line":13,"column":26}},"9":{"start":{"line":17,"column":6},"end":{"line":16,"column":9}},"10":{"start":{"line":22,"column":4},"end":{"line":22,"column":3}},"11":{"start":{"line":23,"column":6},"end":{"line":22,"column":4}},"12":{"start":{"line":25,"column":6},"end":{"line":22,"column":4}},"13":{"start":{"line":27,"column":4},"end":{"line":21,"column":9}},"14":{"start":{"line":31,"column":4},"end":{"line":31,"column":3}},"15":{"start":{"line":32,"column":6},"end":{"line":31,"column":4}},"16":{"start":{"line":34,"column":6},"end":{"line":31,"column":4}}},"branchMap":{"1":{"line":13,"type":"if","locations":[{"start":{"line":13,"column":4},"end":{"line":13,"column":7}},{"start":{"line":13,"column":4},"end":{"line":13,"column":7}}]},"2":{"line":22,"type":"if","locations":[{"start":{"line":22,"column":4},"end":{"line":22,"column":7}},{"start":{"line":22,"column":4},"end":{"line":22,"column":7}}]},"3":{"line":31,"type":"if","locations":[{"start":{"line":31,"column":4},"end":{"line":31,"column":7}},{"start":{"line":31,"column":4},"end":{"line":31,"column":7}}]}}},"C:\\Users\\Rodrigo\\Codigo\\interprete-pl\\src\\parser\\Patterns.js":{"path":"C:\\Users\\Rodrigo\\Codigo\\interprete-pl\\src\\parser\\Patterns.js","s":{"1":1,"2":1,"3":1,"4":0,"5":0,"6":0,"7":0,"8":0,"9":0,"10":0,"11":0,"12":0,"13":0,"14":1,"15":13,"16":13,"17":11,"18":11,"19":2,"20":2,"21":2,"22":2,"23":2,"24":1,"25":11,"26":11,"27":11,"28":1,"29":10,"30":10,"31":5,"32":5,"33":5,"34":2,"35":3,"36":3,"37":5,"38":1,"39":63,"40":63,"41":62,"42":62,"43":1,"44":1,"45":1,"46":1,"47":1,"48":1,"49":28,"50":28,"51":28,"52":0,"53":28,"54":28,"55":3,"56":3,"57":3,"58":0,"59":3,"60":3,"61":3,"62":3,"63":3,"64":0,"65":0,"66":0,"67":0,"68":0,"69":0,"70":25,"71":1,"72":26,"73":26,"74":26,"75":26,"76":0,"77":26,"78":26,"79":9,"80":9,"81":9,"82":0,"83":9,"84":17,"85":1,"86":20,"87":1,"88":20,"89":20,"90":17,"91":17,"92":3,"93":3,"94":3,"95":3,"96":3,"97":3,"98":1,"99":3,"100":3,"101":3,"102":0,"103":3,"104":3,"105":1,"106":1,"107":1,"108":0,"109":1,"110":1,"111":2,"112":1,"113":31,"114":31,"115":31,"116":0,"117":31,"118":31,"119":3,"120":3,"121":3,"122":0,"123":3,"124":3,"125":3,"126":3,"127":3,"128":0,"129":0,"130":0,"131":0,"132":0,"133":0,"134":28,"135":1,"136":1,"137":1,"138":176,"139":176,"140":176,"141":176,"142":10,"143":10,"144":1,"145":9,"146":10,"147":176,"148":176,"149":0,"150":176,"151":9,"152":9,"153":9,"154":9,"155":9,"156":167,"157":167,"158":167,"159":1,"160":176,"161":176,"162":5,"163":5,"164":5,"165":0,"166":5,"167":5,"168":5,"169":5,"170":5,"171":5,"172":5,"173":171,"174":34,"175":34,"176":34,"177":34,"178":34,"179":34,"180":34,"181":137,"182":128,"183":128,"184":128,"185":128,"186":128,"187":128,"188":3,"189":128,"190":128,"191":9,"192":9,"193":9,"194":9,"195":0,"196":9,"197":9,"198":9,"199":9,"200":9,"201":9,"202":9,"203":0,"204":0,"205":0,"206":0,"207":0,"208":0,"209":0,"210":0,"211":0,"212":0,"213":0,"214":0,"215":0,"216":0,"217":1,"218":112,"219":112,"220":112,"221":176,"222":176,"223":0,"224":176,"225":176,"226":64,"227":13,"228":64,"229":64,"230":112,"231":51,"232":112,"233":1,"234":240,"235":240,"236":64,"237":64,"238":64,"239":64,"240":64,"241":176,"242":1,"243":112,"244":112,"245":0,"246":112,"247":112,"248":1,"249":1,"250":1,"251":0,"252":1,"253":1,"254":1,"255":1,"256":1,"257":1,"258":0,"259":1,"260":1,"261":1,"262":0,"263":0,"264":0,"265":0,"266":0,"267":0,"268":1,"269":4,"270":4,"271":4,"272":0,"273":4,"274":4,"275":1,"276":1,"277":1,"278":0,"279":1,"280":1,"281":3,"282":1,"283":2,"284":2,"285":0,"286":0,"287":0,"288":0,"289":0,"290":0,"291":2,"292":2,"293":2,"294":2,"295":0,"296":2,"297":2,"298":2,"299":2,"300":0,"301":0,"302":0,"303":0,"304":0,"305":0,"306":0,"307":0,"308":0,"309":1,"310":22,"311":22,"312":22,"313":0,"314":22,"315":22,"316":1,"317":1,"318":1,"319":1,"320":1,"321":1,"322":1,"323":21,"324":21,"325":21,"326":0,"327":21,"328":21,"329":1,"330":8,"331":8,"332":8,"333":0,"334":0,"335":0,"336":0,"337":0,"338":0,"339":0,"340":8,"341":7,"342":1,"343":1,"344":1,"345":1,"346":1,"347":1,"348":1,"349":7,"350":7,"351":7,"352":7,"353":7,"354":7,"355":0,"356":7,"357":7,"358":7,"359":0,"360":0,"361":0,"362":0,"363":0,"364":0,"365":0,"366":7,"367":6,"368":1,"369":1,"370":1,"371":1,"372":1,"373":1,"374":1,"375":6,"376":6,"377":5,"378":5,"379":0,"380":5,"381":5,"382":6,"383":4,"384":4,"385":4,"386":3,"387":3,"388":0,"389":3,"390":3,"391":6,"392":5,"393":1,"394":1,"395":1,"396":1,"397":1,"398":1,"399":1,"400":5,"401":5,"402":5,"403":1,"404":6,"405":6,"406":6,"407":0,"408":0,"409":0,"410":0,"411":0,"412":0,"413":0,"414":6,"415":5,"416":1,"417":1,"418":1,"419":1,"420":1,"421":1,"422":1,"423":5,"424":5,"425":5,"426":5,"427":5,"428":5,"429":0,"430":5,"431":5,"432":5,"433":0,"434":0,"435":0,"436":0,"437":0,"438":0,"439":0,"440":5,"441":5,"442":3,"443":3,"444":0,"445":3,"446":3,"447":5,"448":4,"449":1,"450":1,"451":1,"452":1,"453":1,"454":1,"455":1,"456":4,"457":4,"458":4,"459":1,"460":6,"461":6,"462":6,"463":0,"464":0,"465":0,"466":0,"467":0,"468":0,"469":0,"470":6,"471":6,"472":5,"473":5,"474":0,"475":5,"476":5,"477":5,"478":6,"479":5,"480":1,"481":1,"482":1,"483":1,"484":1,"485":1,"486":1,"487":5,"488":4,"489":1,"490":1,"491":1,"492":1,"493":1,"494":1,"495":1,"496":4,"497":4,"498":0,"499":0,"500":0,"501":0,"502":0,"503":0,"504":0,"505":4,"506":4,"507":4,"508":4,"509":4,"510":4,"511":0,"512":4,"513":4,"514":4,"515":0,"516":0,"517":0,"518":0,"519":0,"520":0,"521":0,"522":4,"523":4,"524":4,"525":1,"526":27,"527":20,"528":0,"529":20,"530":0,"531":2,"532":2,"533":2,"534":1,"535":1,"536":1,"537":1,"538":1,"539":14,"540":14,"541":13,"542":1,"543":1,"544":1,"545":1,"546":1,"547":1,"548":1,"549":13,"550":13,"551":11,"552":11,"553":2,"554":9,"555":9,"556":11,"557":11,"558":0,"559":0,"560":0,"561":0,"562":0,"563":0,"564":0,"565":11,"566":11,"567":7,"568":7,"569":0,"570":7,"571":7,"572":11,"573":10,"574":1,"575":1,"576":1,"577":1,"578":1,"579":1,"580":1,"581":10,"582":2,"583":10,"584":1,"585":18,"586":18,"587":18,"588":18,"589":2,"590":16,"591":16,"592":16,"593":0,"594":16,"595":22,"596":22,"597":16,"598":16,"599":3,"600":3,"601":13,"602":13,"603":0,"604":16,"605":16,"606":3,"607":3,"608":0,"609":3,"610":3,"611":13,"612":13,"613":1,"614":85,"615":85,"616":75,"617":1,"618":1,"619":1,"620":1,"621":1,"622":1,"623":1,"624":1,"625":1,"626":1,"627":1,"628":114,"629":114},"b":{"1":[0,0],"2":[0,0],"3":[11,2],"4":[1,10],"5":[5,5],"6":[2,3],"7":[62,1],"8":[0,28],"9":[3,25],"10":[0,3],"11":[3,0],"12":[0,26],"13":[9,17],"14":[26,12],"15":[0,9],"16":[17,3],"17":[0,3],"18":[1,2],"19":[0,1],"20":[0,31],"21":[3,28],"22":[0,3],"23":[3,0],"24":[10,166],"25":[176,169,167],"26":[1,9],"27":[7,2],"28":[0,176],"29":[9,167],"30":[5,171],"31":[5,0],"32":[0,5],"33":[34,137],"34":[171,146],"35":[128,9],"36":[137,13,12],"37":[3,125],"38":[9,0],"39":[0,9],"40":[9,0],"41":[288,269,192,190,179],"42":[0,176],"43":[64,112],"44":[77,16],"45":[64,176],"46":[0,112],"47":[0,1],"48":[1,0],"49":[0,1],"50":[0,4],"51":[1,3],"52":[0,1],"53":[0,2],"54":[2,0],"55":[0,2],"56":[2,0],"57":[0,22],"58":[1,21],"59":[0,21],"60":[8,0],"61":[7,1],"62":[0,7],"63":[7,0],"64":[6,1],"65":[0,5],"66":[4,2],"67":[0,3],"68":[5,1],"69":[5,0],"70":[6,0],"71":[5,1],"72":[0,5],"73":[5,0],"74":[0,3],"75":[4,1],"76":[4,0],"77":[6,0],"78":[0,5],"79":[5,0],"80":[5,1],"81":[4,1],"82":[4,0],"83":[0,4],"84":[4,0],"85":[4,0],"86":[20,2,2,2,1],"87":[0,20],"88":[13,1],"89":[2,9],"90":[11,0],"91":[0,7],"92":[10,1],"93":[2,8],"94":[2,16],"95":[0,16],"96":[3,13,0],"97":[3,13],"98":[0,3],"99":[13,0],"100":[1,0],"101":[1,0]},"f":{"1":0,"2":13,"3":11,"4":63,"5":28,"6":26,"7":20,"8":20,"9":3,"10":31,"11":176,"12":176,"13":112,"14":240,"15":112,"16":1,"17":4,"18":2,"19":22,"20":8,"21":6,"22":6,"23":27,"24":14,"25":18,"26":85,"27":1,"28":114,"29":114},"fnMap":{"1":{"name":"Number","line":12,"loc":{"start":{"line":12,"column":7},"end":{"line":12,"column":31}}},"2":{"name":"Integer","line":35,"loc":{"start":{"line":35,"column":7},"end":{"line":35,"column":32}}},"3":{"name":"ArrayDimension","line":55,"loc":{"start":{"line":55,"column":7},"end":{"line":55,"column":39}}},"4":{"name":"Word","line":85,"loc":{"start":{"line":85,"column":7},"end":{"line":85,"column":29}}},"5":{"name":"VariableDeclaration","line":102,"loc":{"start":{"line":102,"column":7},"end":{"line":102,"column":44}}},"6":{"name":"VariableList","line":147,"loc":{"start":{"line":147,"column":7},"end":{"line":147,"column":37}}},"7":{"name":"isType","line":176,"loc":{"start":{"line":176,"column":13},"end":{"line":176,"column":23}}},"8":{"name":"TypeName","line":178,"loc":{"start":{"line":178,"column":7},"end":{"line":178,"column":33}}},"9":{"name":"IndexExpression","line":196,"loc":{"start":{"line":196,"column":7},"end":{"line":196,"column":40}}},"10":{"name":"Variable","line":227,"loc":{"start":{"line":227,"column":7},"end":{"line":227,"column":33}}},"11":{"name":"UnaryExpression","line":292,"loc":{"start":{"line":292,"column":0},"end":{"line":292,"column":33}}},"12":{"name":"PrimaryExpression","line":328,"loc":{"start":{"line":328,"column":0},"end":{"line":328,"column":35}}},"13":{"name":"queueToRPN","line":418,"loc":{"start":{"line":418,"column":0},"end":{"line":418,"column":28}}},"14":{"name":"RPNtoTree","line":447,"loc":{"start":{"line":447,"column":0},"end":{"line":447,"column":30}}},"15":{"name":"Expression","line":462,"loc":{"start":{"line":462,"column":7},"end":{"line":462,"column":35}}},"16":{"name":"Assignment","line":474,"loc":{"start":{"line":474,"column":7},"end":{"line":474,"column":35}}},"17":{"name":"ArgumentList","line":512,"loc":{"start":{"line":512,"column":7},"end":{"line":512,"column":37}}},"18":{"name":"ModuleCall","line":539,"loc":{"start":{"line":539,"column":7},"end":{"line":539,"column":35}}},"19":{"name":"NewAssignment","line":596,"loc":{"start":{"line":596,"column":7},"end":{"line":596,"column":38}}},"20":{"name":"If","line":635,"loc":{"start":{"line":635,"column":7},"end":{"line":635,"column":27}}},"21":{"name":"While","line":763,"loc":{"start":{"line":763,"column":7},"end":{"line":763,"column":30}}},"22":{"name":"Until","line":858,"loc":{"start":{"line":858,"column":7},"end":{"line":858,"column":30}}},"23":{"name":"Statement","line":969,"loc":{"start":{"line":969,"column":7},"end":{"line":969,"column":34}}},"24":{"name":"MainModule","line":994,"loc":{"start":{"line":994,"column":7},"end":{"line":994,"column":35}}},"25":{"name":"DeclarationStatement","line":1077,"loc":{"start":{"line":1077,"column":7},"end":{"line":1077,"column":45}}},"26":{"name":"skipWhiteSpace","line":1137,"loc":{"start":{"line":1137,"column":7},"end":{"line":1137,"column":39}}},"27":{"name":"UnexpectedTokenReport","line":1144,"loc":{"start":{"line":1144,"column":0},"end":{"line":1144,"column":64}}},"28":{"name":"match","line":1166,"loc":{"start":{"line":1166,"column":7},"end":{"line":1166,"column":39}}},"29":{"name":"from","line":1168,"loc":{"start":{"line":1168,"column":10},"end":{"line":1168,"column":22}}}},"statementMap":{"1":{"start":{"line":3,"column":0},"end":{"line":null,"column":-1}},"2":{"start":{"line":5,"column":0},"end":{"line":null,"column":-1}},"3":{"start":{"line":12,"column":7},"end":{"line":12,"column":6}},"4":{"start":{"line":13,"column":2},"end":{"line":12,"column":31}},"5":{"start":{"line":15,"column":2},"end":{"line":15,"column":1}},"6":{"start":{"line":16,"column":4},"end":{"line":15,"column":58}},"7":{"start":{"line":17,"column":4},"end":{"line":15,"column":58}},"8":{"start":{"line":18,"column":4},"end":{"line":15,"column":58}},"9":{"start":{"line":21,"column":4},"end":{"line":20,"column":7}},"10":{"start":{"line":22,"column":4},"end":{"line":20,"column":7}},"11":{"start":{"line":23,"column":4},"end":{"line":20,"column":7}},"12":{"start":{"line":24,"column":4},"end":{"line":20,"column":7}},"13":{"start":{"line":26,"column":4},"end":{"line":20,"column":7}},"14":{"start":{"line":35,"column":7},"end":{"line":35,"column":6}},"15":{"start":{"line":36,"column":2},"end":{"line":35,"column":32}},"16":{"start":{"line":38,"column":2},"end":{"line":38,"column":1}},"17":{"start":{"line":40,"column":4},"end":{"line":null,"column":-1}},"18":{"start":{"line":38,"column":33},"end":{"line":38,"column":32}},"19":{"start":{"line":46,"column":4},"end":{"line":44,"column":7}},"20":{"start":{"line":47,"column":4},"end":{"line":44,"column":7}},"21":{"start":{"line":48,"column":4},"end":{"line":44,"column":7}},"22":{"start":{"line":49,"column":4},"end":{"line":44,"column":7}},"23":{"start":{"line":51,"column":4},"end":{"line":44,"column":7}},"24":{"start":{"line":55,"column":7},"end":{"line":55,"column":6}},"25":{"start":{"line":56,"column":2},"end":{"line":55,"column":39}},"26":{"start":{"line":58,"column":2},"end":{"line":55,"column":39}},"27":{"start":{"line":60,"column":2},"end":{"line":60,"column":1}},"28":{"start":{"line":61,"column":4},"end":{"line":60,"column":26}},"29":{"start":{"line":64,"column":4},"end":{"line":63,"column":7}},"30":{"start":{"line":67,"column":2},"end":{"line":67,"column":1}},"31":{"start":{"line":68,"column":4},"end":{"line":67,"column":41}},"32":{"start":{"line":70,"column":4},"end":{"line":67,"column":41}},"33":{"start":{"line":72,"column":4},"end":{"line":72,"column":3}},"34":{"start":{"line":73,"column":6},"end":{"line":72,"column":33}},"35":{"start":{"line":76,"column":6},"end":{"line":75,"column":9}},"36":{"start":{"line":77,"column":6},"end":{"line":75,"column":9}},"37":{"start":{"line":81,"column":4},"end":{"line":80,"column":7}},"38":{"start":{"line":85,"column":7},"end":{"line":85,"column":6}},"39":{"start":{"line":86,"column":2},"end":{"line":85,"column":29}},"40":{"start":{"line":88,"column":2},"end":{"line":88,"column":1}},"41":{"start":{"line":89,"column":4},"end":{"line":88,"column":31}},"42":{"start":{"line":90,"column":4},"end":{"line":88,"column":31}},"43":{"start":{"line":93,"column":4},"end":{"line":92,"column":7}},"44":{"start":{"line":94,"column":4},"end":{"line":92,"column":7}},"45":{"start":{"line":95,"column":4},"end":{"line":92,"column":7}},"46":{"start":{"line":96,"column":4},"end":{"line":92,"column":7}},"47":{"start":{"line":98,"column":4},"end":{"line":92,"column":7}},"48":{"start":{"line":102,"column":7},"end":{"line":102,"column":6}},"49":{"start":{"line":103,"column":2},"end":{"line":102,"column":44}},"50":{"start":{"line":109,"column":2},"end":{"line":102,"column":44}},"51":{"start":{"line":111,"column":2},"end":{"line":111,"column":1}},"52":{"start":{"line":112,"column":4},"end":{"line":111,"column":18}},"53":{"start":{"line":115,"column":4},"end":{"line":114,"column":7}},"54":{"start":{"line":116,"column":4},"end":{"line":116,"column":3}},"55":{"start":{"line":117,"column":6},"end":{"line":116,"column":50}},"56":{"start":{"line":118,"column":6},"end":{"line":116,"column":50}},"57":{"start":{"line":119,"column":6},"end":{"line":119,"column":5}},"58":{"start":{"line":120,"column":8},"end":{"line":119,"column":27}},"59":{"start":{"line":123,"column":8},"end":{"line":122,"column":11}},"60":{"start":{"line":124,"column":8},"end":{"line":122,"column":11}},"61":{"start":{"line":125,"column":8},"end":{"line":125,"column":7}},"62":{"start":{"line":126,"column":10},"end":{"line":125,"column":55}},"63":{"start":{"line":127,"column":10},"end":{"line":125,"column":55}},"64":{"start":{"line":130,"column":10},"end":{"line":129,"column":13}},"65":{"start":{"line":132,"column":10},"end":{"line":129,"column":13}},"66":{"start":{"line":133,"column":10},"end":{"line":129,"column":13}},"67":{"start":{"line":134,"column":10},"end":{"line":129,"column":13}},"68":{"start":{"line":135,"column":10},"end":{"line":129,"column":13}},"69":{"start":{"line":137,"column":10},"end":{"line":129,"column":13}},"70":{"start":{"line":142,"column":6},"end":{"line":141,"column":9}},"71":{"start":{"line":147,"column":7},"end":{"line":147,"column":6}},"72":{"start":{"line":148,"column":2},"end":{"line":147,"column":37}},"73":{"start":{"line":149,"column":2},"end":{"line":147,"column":37}},"74":{"start":{"line":151,"column":2},"end":{"line":147,"column":37}},"75":{"start":{"line":153,"column":2},"end":{"line":153,"column":1}},"76":{"start":{"line":154,"column":4},"end":{"line":153,"column":25}},"77":{"start":{"line":157,"column":4},"end":{"line":156,"column":7}},"78":{"start":{"line":159,"column":4},"end":{"line":159,"column":3}},"79":{"start":{"line":160,"column":6},"end":{"line":159,"column":76}},"80":{"start":{"line":161,"column":6},"end":{"line":159,"column":76}},"81":{"start":{"line":163,"column":6},"end":{"line":163,"column":5}},"82":{"start":{"line":164,"column":8},"end":{"line":163,"column":32}},"83":{"start":{"line":167,"column":8},"end":{"line":166,"column":11}},"84":{"start":{"line":171,"column":6},"end":{"line":170,"column":9}},"85":{"start":{"line":176,"column":0},"end":{"line":176,"column":13}},"86":{"start":{"line":176,"column":24},"end":{"line":176,"column":23}},"87":{"start":{"line":178,"column":7},"end":{"line":178,"column":6}},"88":{"start":{"line":179,"column":2},"end":{"line":178,"column":33}},"89":{"start":{"line":181,"column":2},"end":{"line":181,"column":1}},"90":{"start":{"line":182,"column":4},"end":{"line":181,"column":30}},"91":{"start":{"line":183,"column":4},"end":{"line":181,"column":30}},"92":{"start":{"line":186,"column":4},"end":{"line":185,"column":7}},"93":{"start":{"line":187,"column":4},"end":{"line":185,"column":7}},"94":{"start":{"line":188,"column":4},"end":{"line":185,"column":7}},"95":{"start":{"line":189,"column":4},"end":{"line":185,"column":7}},"96":{"start":{"line":190,"column":4},"end":{"line":185,"column":7}},"97":{"start":{"line":192,"column":4},"end":{"line":185,"column":7}},"98":{"start":{"line":196,"column":7},"end":{"line":196,"column":6}},"99":{"start":{"line":197,"column":2},"end":{"line":196,"column":40}},"100":{"start":{"line":199,"column":2},"end":{"line":196,"column":40}},"101":{"start":{"line":201,"column":2},"end":{"line":201,"column":1}},"102":{"start":{"line":202,"column":4},"end":{"line":201,"column":35}},"103":{"start":{"line":205,"column":4},"end":{"line":204,"column":7}},"104":{"start":{"line":207,"column":4},"end":{"line":207,"column":3}},"105":{"start":{"line":208,"column":6},"end":{"line":207,"column":43}},"106":{"start":{"line":210,"column":6},"end":{"line":207,"column":43}},"107":{"start":{"line":212,"column":6},"end":{"line":212,"column":5}},"108":{"start":{"line":213,"column":8},"end":{"line":212,"column":47}},"109":{"start":{"line":216,"column":8},"end":{"line":215,"column":11}},"110":{"start":{"line":218,"column":8},"end":{"line":215,"column":11}},"111":{"start":{"line":222,"column":6},"end":{"line":221,"column":9}},"112":{"start":{"line":227,"column":7},"end":{"line":227,"column":6}},"113":{"start":{"line":228,"column":2},"end":{"line":227,"column":33}},"114":{"start":{"line":230,"column":2},"end":{"line":227,"column":33}},"115":{"start":{"line":232,"column":2},"end":{"line":232,"column":1}},"116":{"start":{"line":233,"column":4},"end":{"line":232,"column":33}},"117":{"start":{"line":236,"column":4},"end":{"line":235,"column":7}},"118":{"start":{"line":238,"column":4},"end":{"line":238,"column":3}},"119":{"start":{"line":239,"column":6},"end":{"line":238,"column":50}},"120":{"start":{"line":241,"column":6},"end":{"line":238,"column":50}},"121":{"start":{"line":243,"column":6},"end":{"line":243,"column":5}},"122":{"start":{"line":244,"column":8},"end":{"line":243,"column":50}},"123":{"start":{"line":247,"column":6},"end":{"line":238,"column":50}},"124":{"start":{"line":248,"column":6},"end":{"line":238,"column":50}},"125":{"start":{"line":250,"column":6},"end":{"line":250,"column":5}},"126":{"start":{"line":251,"column":8},"end":{"line":250,"column":53}},"127":{"start":{"line":253,"column":8},"end":{"line":250,"column":53}},"128":{"start":{"line":256,"column":8},"end":{"line":255,"column":11}},"129":{"start":{"line":258,"column":8},"end":{"line":255,"column":11}},"130":{"start":{"line":259,"column":8},"end":{"line":255,"column":11}},"131":{"start":{"line":260,"column":8},"end":{"line":255,"column":11}},"132":{"start":{"line":261,"column":8},"end":{"line":255,"column":11}},"133":{"start":{"line":263,"column":8},"end":{"line":255,"column":11}},"134":{"start":{"line":267,"column":6},"end":{"line":266,"column":9}},"135":{"start":{"line":272,"column":0},"end":{"line":272,"column":4}},"136":{"start":{"line":290,"column":0},"end":{"line":290,"column":4}},"137":{"start":{"line":292,"column":0},"end":{"line":292,"column":-1}},"138":{"start":{"line":293,"column":2},"end":{"line":292,"column":33}},"139":{"start":{"line":294,"column":2},"end":{"line":292,"column":33}},"140":{"start":{"line":295,"column":2},"end":{"line":292,"column":33}},"141":{"start":{"line":296,"column":2},"end":{"line":296,"column":1}},"142":{"start":{"line":297,"column":4},"end":{"line":296,"column":82}},"143":{"start":{"line":298,"column":4},"end":{"line":298,"column":3}},"144":{"start":{"line":299,"column":6},"end":{"line":298,"column":32}},"145":{"start":{"line":302,"column":6},"end":{"line":301,"column":9}},"146":{"start":{"line":304,"column":4},"end":{"line":296,"column":82}},"147":{"start":{"line":307,"column":2},"end":{"line":292,"column":33}},"148":{"start":{"line":309,"column":2},"end":{"line":309,"column":1}},"149":{"start":{"line":310,"column":4},"end":{"line":309,"column":17}},"150":{"start":{"line":313,"column":4},"end":{"line":313,"column":3}},"151":{"start":{"line":314,"column":6},"end":{"line":313,"column":18}},"152":{"start":{"line":315,"column":6},"end":{"line":313,"column":18}},"153":{"start":{"line":316,"column":6},"end":{"line":313,"column":18}},"154":{"start":{"line":317,"column":6},"end":{"line":313,"column":18}},"155":{"start":{"line":318,"column":6},"end":{"line":313,"column":18}},"156":{"start":{"line":321,"column":6},"end":{"line":320,"column":9}},"157":{"start":{"line":322,"column":6},"end":{"line":320,"column":9}},"158":{"start":{"line":323,"column":6},"end":{"line":320,"column":9}},"159":{"start":{"line":328,"column":0},"end":{"line":328,"column":-1}},"160":{"start":{"line":329,"column":2},"end":{"line":328,"column":35}},"161":{"start":{"line":330,"column":2},"end":{"line":377,"column":7}},"162":{"start":{"line":331,"column":4},"end":{"line":331,"column":3}},"163":{"start":{"line":333,"column":6},"end":{"line":331,"column":42}},"164":{"start":{"line":335,"column":6},"end":{"line":335,"column":5}},"165":{"start":{"line":336,"column":8},"end":{"line":335,"column":41}},"166":{"start":{"line":339,"column":6},"end":{"line":331,"column":42}},"167":{"start":{"line":340,"column":6},"end":{"line":331,"column":42}},"168":{"start":{"line":341,"column":6},"end":{"line":331,"column":42}},"169":{"start":{"line":343,"column":6},"end":{"line":331,"column":42}},"170":{"start":{"line":344,"column":6},"end":{"line":331,"column":42}},"171":{"start":{"line":345,"column":6},"end":{"line":331,"column":42}},"172":{"start":{"line":347,"column":6},"end":{"line":331,"column":42}},"173":{"start":{"line":353,"column":7},"end":{"line":377,"column":7}},"174":{"start":{"line":354,"column":4},"end":{"line":353,"column":67}},"175":{"start":{"line":355,"column":4},"end":{"line":353,"column":67}},"176":{"start":{"line":356,"column":4},"end":{"line":353,"column":67}},"177":{"start":{"line":357,"column":4},"end":{"line":353,"column":67}},"178":{"start":{"line":358,"column":4},"end":{"line":353,"column":67}},"179":{"start":{"line":359,"column":4},"end":{"line":353,"column":67}},"180":{"start":{"line":360,"column":4},"end":{"line":353,"column":67}},"181":{"start":{"line":362,"column":7},"end":{"line":377,"column":7}},"182":{"start":{"line":363,"column":4},"end":{"line":362,"column":91}},"183":{"start":{"line":364,"column":4},"end":{"line":362,"column":91}},"184":{"start":{"line":365,"column":4},"end":{"line":362,"column":91}},"185":{"start":{"line":366,"column":4},"end":{"line":362,"column":91}},"186":{"start":{"line":367,"column":4},"end":{"line":362,"column":91}},"187":{"start":{"line":369,"column":4},"end":{"line":369,"column":3}},"188":{"start":{"line":370,"column":6},"end":{"line":369,"column":26}},"189":{"start":{"line":373,"column":4},"end":{"line":362,"column":91}},"190":{"start":{"line":375,"column":4},"end":{"line":362,"column":91}},"191":{"start":{"line":377,"column":7},"end":{"line":377,"column":6}},"192":{"start":{"line":378,"column":4},"end":{"line":377,"column":39}},"193":{"start":{"line":379,"column":4},"end":{"line":377,"column":39}},"194":{"start":{"line":380,"column":4},"end":{"line":380,"column":3}},"195":{"start":{"line":381,"column":6},"end":{"line":380,"column":19}},"196":{"start":{"line":384,"column":6},"end":{"line":384,"column":5}},"197":{"start":{"line":385,"column":8},"end":{"line":384,"column":48}},"198":{"start":{"line":386,"column":8},"end":{"line":384,"column":48}},"199":{"start":{"line":387,"column":8},"end":{"line":384,"column":48}},"200":{"start":{"line":388,"column":8},"end":{"line":384,"column":48}},"201":{"start":{"line":389,"column":8},"end":{"line":384,"column":48}},"202":{"start":{"line":390,"column":8},"end":{"line":384,"column":48}},"203":{"start":{"line":393,"column":8},"end":{"line":392,"column":11}},"204":{"start":{"line":394,"column":8},"end":{"line":392,"column":11}},"205":{"start":{"line":395,"column":8},"end":{"line":392,"column":11}},"206":{"start":{"line":396,"column":8},"end":{"line":392,"column":11}},"207":{"start":{"line":398,"column":8},"end":{"line":392,"column":11}},"208":{"start":{"line":399,"column":8},"end":{"line":392,"column":11}},"209":{"start":{"line":401,"column":8},"end":{"line":392,"column":11}},"210":{"start":{"line":406,"column":4},"end":{"line":405,"column":7}},"211":{"start":{"line":407,"column":4},"end":{"line":405,"column":7}},"212":{"start":{"line":408,"column":4},"end":{"line":405,"column":7}},"213":{"start":{"line":409,"column":4},"end":{"line":405,"column":7}},"214":{"start":{"line":411,"column":4},"end":{"line":405,"column":7}},"215":{"start":{"line":412,"column":4},"end":{"line":405,"column":7}},"216":{"start":{"line":414,"column":4},"end":{"line":405,"column":7}},"217":{"start":{"line":418,"column":0},"end":{"line":418,"column":-1}},"218":{"start":{"line":419,"column":2},"end":{"line":418,"column":28}},"219":{"start":{"line":420,"column":2},"end":{"line":418,"column":28}},"220":{"start":{"line":422,"column":2},"end":{"line":422,"column":1}},"221":{"start":{"line":423,"column":4},"end":{"line":422,"column":196}},"222":{"start":{"line":424,"column":4},"end":{"line":424,"column":3}},"223":{"start":{"line":425,"column":6},"end":{"line":424,"column":27}},"224":{"start":{"line":428,"column":6},"end":{"line":427,"column":9}},"225":{"start":{"line":431,"column":4},"end":{"line":431,"column":3}},"226":{"start":{"line":432,"column":6},"end":{"line":432,"column":5}},"227":{"start":{"line":433,"column":8},"end":{"line":432,"column":144}},"228":{"start":{"line":435,"column":6},"end":{"line":431,"column":51}},"229":{"start":{"line":436,"column":6},"end":{"line":431,"column":51}},"230":{"start":{"line":440,"column":2},"end":{"line":440,"column":1}},"231":{"start":{"line":441,"column":4},"end":{"line":440,"column":36}},"232":{"start":{"line":444,"column":2},"end":{"line":418,"column":28}},"233":{"start":{"line":447,"column":0},"end":{"line":447,"column":-1}},"234":{"start":{"line":448,"column":2},"end":{"line":447,"column":30}},"235":{"start":{"line":450,"column":2},"end":{"line":450,"column":1}},"236":{"start":{"line":451,"column":4},"end":{"line":450,"column":38}},"237":{"start":{"line":452,"column":4},"end":{"line":450,"column":38}},"238":{"start":{"line":453,"column":4},"end":{"line":450,"column":38}},"239":{"start":{"line":454,"column":4},"end":{"line":450,"column":38}},"240":{"start":{"line":455,"column":4},"end":{"line":450,"column":38}},"241":{"start":{"line":458,"column":4},"end":{"line":457,"column":7}},"242":{"start":{"line":462,"column":7},"end":{"line":462,"column":6}},"243":{"start":{"line":463,"column":2},"end":{"line":462,"column":35}},"244":{"start":{"line":465,"column":2},"end":{"line":465,"column":1}},"245":{"start":{"line":466,"column":4},"end":{"line":465,"column":17}},"246":{"start":{"line":469,"column":4},"end":{"line":468,"column":7}},"247":{"start":{"line":470,"column":4},"end":{"line":468,"column":7}},"248":{"start":{"line":474,"column":7},"end":{"line":474,"column":6}},"249":{"start":{"line":476,"column":2},"end":{"line":474,"column":35}},"250":{"start":{"line":478,"column":2},"end":{"line":478,"column":1}},"251":{"start":{"line":479,"column":4},"end":{"line":478,"column":37}},"252":{"start":{"line":482,"column":2},"end":{"line":474,"column":35}},"253":{"start":{"line":484,"column":2},"end":{"line":474,"column":35}},"254":{"start":{"line":486,"column":2},"end":{"line":486,"column":1}},"255":{"start":{"line":487,"column":4},"end":{"line":486,"column":37}},"256":{"start":{"line":489,"column":4},"end":{"line":486,"column":37}},"257":{"start":{"line":491,"column":4},"end":{"line":491,"column":3}},"258":{"start":{"line":492,"column":6},"end":{"line":491,"column":47}},"259":{"start":{"line":495,"column":6},"end":{"line":494,"column":9}},"260":{"start":{"line":496,"column":6},"end":{"line":494,"column":9}},"261":{"start":{"line":497,"column":6},"end":{"line":494,"column":9}},"262":{"start":{"line":501,"column":4},"end":{"line":500,"column":7}},"263":{"start":{"line":502,"column":4},"end":{"line":500,"column":7}},"264":{"start":{"line":503,"column":4},"end":{"line":500,"column":7}},"265":{"start":{"line":504,"column":4},"end":{"line":500,"column":7}},"266":{"start":{"line":506,"column":4},"end":{"line":500,"column":7}},"267":{"start":{"line":508,"column":4},"end":{"line":500,"column":7}},"268":{"start":{"line":512,"column":7},"end":{"line":512,"column":6}},"269":{"start":{"line":513,"column":2},"end":{"line":512,"column":37}},"270":{"start":{"line":514,"column":2},"end":{"line":512,"column":37}},"271":{"start":{"line":516,"column":2},"end":{"line":516,"column":1}},"272":{"start":{"line":517,"column":4},"end":{"line":516,"column":17}},"273":{"start":{"line":520,"column":4},"end":{"line":519,"column":7}},"274":{"start":{"line":522,"column":4},"end":{"line":522,"column":3}},"275":{"start":{"line":523,"column":6},"end":{"line":522,"column":42}},"276":{"start":{"line":524,"column":6},"end":{"line":522,"column":42}},"277":{"start":{"line":525,"column":6},"end":{"line":525,"column":5}},"278":{"start":{"line":526,"column":8},"end":{"line":525,"column":27}},"279":{"start":{"line":529,"column":8},"end":{"line":528,"column":11}},"280":{"start":{"line":530,"column":8},"end":{"line":528,"column":11}},"281":{"start":{"line":534,"column":6},"end":{"line":533,"column":9}},"282":{"start":{"line":539,"column":7},"end":{"line":539,"column":6}},"283":{"start":{"line":540,"column":2},"end":{"line":539,"column":35}},"284":{"start":{"line":542,"column":2},"end":{"line":542,"column":1}},"285":{"start":{"line":543,"column":4},"end":{"line":542,"column":43}},"286":{"start":{"line":544,"column":4},"end":{"line":542,"column":43}},"287":{"start":{"line":545,"column":4},"end":{"line":542,"column":43}},"288":{"start":{"line":546,"column":4},"end":{"line":542,"column":43}},"289":{"start":{"line":547,"column":4},"end":{"line":542,"column":43}},"290":{"start":{"line":549,"column":4},"end":{"line":542,"column":43}},"291":{"start":{"line":552,"column":4},"end":{"line":551,"column":7}},"292":{"start":{"line":555,"column":2},"end":{"line":555,"column":1}},"293":{"start":{"line":557,"column":4},"end":{"line":555,"column":44}},"294":{"start":{"line":559,"column":4},"end":{"line":559,"column":3}},"295":{"start":{"line":560,"column":6},"end":{"line":559,"column":20}},"296":{"start":{"line":563,"column":6},"end":{"line":563,"column":5}},"297":{"start":{"line":564,"column":8},"end":{"line":563,"column":48}},"298":{"start":{"line":565,"column":8},"end":{"line":563,"column":48}},"299":{"start":{"line":571,"column":8},"end":{"line":563,"column":48}},"300":{"start":{"line":574,"column":8},"end":{"line":573,"column":11}},"301":{"start":{"line":575,"column":8},"end":{"line":573,"column":11}},"302":{"start":{"line":576,"column":8},"end":{"line":573,"column":11}},"303":{"start":{"line":577,"column":8},"end":{"line":573,"column":11}},"304":{"start":{"line":578,"column":8},"end":{"line":573,"column":11}},"305":{"start":{"line":580,"column":8},"end":{"line":573,"column":11}},"306":{"start":{"line":585,"column":4},"end":{"line":584,"column":7}},"307":{"start":{"line":586,"column":4},"end":{"line":584,"column":7}},"308":{"start":{"line":592,"column":4},"end":{"line":584,"column":7}},"309":{"start":{"line":596,"column":7},"end":{
[...]
t":{"line":611,"column":14},"end":{"line":603,"column":17}},"245":{"start":{"line":615,"column":12},"end":{"line":614,"column":15}},"246":{"start":{"line":616,"column":12},"end":{"line":614,"column":15}},"247":{"start":{"line":622,"column":12},"end":{"line":614,"column":15}}},"branchMap":{"1":{"line":26,"type":"switch","locations":[{"start":{"line":26,"column":4},"end":{"line":25,"column":2}},{"start":{"line":27,"column":4},"end":{"line":25,"column":2}},{"start":{"line":28,"column":4},"end":{"line":25,"column":2}},{"start":{"line":29,"column":4},"end":{"line":29,"column":3}},{"start":{"line":25,"column":2},"end":{"line":31,"column":4}}]},"2":{"line":42,"type":"cond-expr","locations":[{"start":{"line":42,"column":56},"end":{"line":42,"column":9}},{"start":{"line":42,"column":61},"end":{"line":42,"column":9}}]},"3":{"line":42,"type":"binary-expr","locations":[{"start":{"line":42,"column":9},"end":{"line":42,"column":8}},{"start":{"line":42,"column":33},"end":{"line":42,"column":32}}]},"4":{"line":56,"type":"switch","locations":[{"start":{"line":56,"column":4},"end":{"line":55,"column":2}},{"start":{"line":57,"column":4},"end":{"line":55,"column":2}},{"start":{"line":58,"column":4},"end":{"line":55,"column":2}},{"start":{"line":59,"column":4},"end":{"line":55,"column":2}},{"start":{"line":60,"column":4},"end":{"line":55,"column":2}},{"start":{"line":61,"column":4},"end":{"line":61,"column":3}},{"start":{"line":55,"column":2},"end":{"line":63,"column":4}}]},"5":{"line":75,"type":"cond-expr","locations":[{"start":{"line":75,"column":78},"end":{"line":75,"column":9}},{"start":{"line":75,"column":84},"end":{"line":75,"column":9}}]},"6":{"line":75,"type":"binary-expr","locations":[{"start":{"line":75,"column":9},"end":{"line":75,"column":8}},{"start":{"line":75,"column":33},"end":{"line":75,"column":32}},{"start":{"line":75,"column":56},"end":{"line":75,"column":55}}]},"7":{"line":82,"type":"cond-expr","locations":[{"start":{"line":82,"column":54},"end":{"line":82,"column":19}},{"start":{"line":82,"column":65},"end":{"line":82,"column":19}}]},"8":{"line":82,"type":"binary-expr","locations":[{"start":{"line":82,"column":19},"end":{"line":82,"column":18}},{"start":{"line":82,"column":37},"end":{"line":82,"column":36}}]},"9":{"line":95,"type":"binary-expr","locations":[{"start":{"line":95,"column":29},"end":{"line":95,"column":28}},{"start":{"line":95,"column":47},"end":{"line":95,"column":46}},{"start":{"line":95,"column":63},"end":{"line":95,"column":62}},{"start":{"line":95,"column":79},"end":{"line":95,"column":78}}]},"10":{"line":97,"type":"cond-expr","locations":[{"start":{"line":97,"column":53},"end":{"line":97,"column":19}},{"start":{"line":97,"column":62},"end":{"line":97,"column":19}}]},"11":{"line":97,"type":"binary-expr","locations":[{"start":{"line":97,"column":19},"end":{"line":97,"column":38}},{"start":{"line":97,"column":39},"end":{"line":97,"column":19}}]},"12":{"line":98,"type":"cond-expr","locations":[{"start":{"line":98,"column":36},"end":{"line":98,"column":18}},{"start":{"line":98,"column":41},"end":{"line":98,"column":18}}]},"13":{"line":122,"type":"if","locations":[{"start":{"line":122,"column":2},"end":{"line":122,"column":5}},{"start":{"line":122,"column":2},"end":{"line":122,"column":5}}]},"14":{"line":125,"type":"if","locations":[{"start":{"line":125,"column":7},"end":{"line":125,"column":6}},{"start":{"line":125,"column":7},"end":{"line":125,"column":6}}]},"15":{"line":128,"type":"if","locations":[{"start":{"line":128,"column":7},"end":{"line":128,"column":6}},{"start":{"line":128,"column":7},"end":{"line":128,"column":6}}]},"16":{"line":131,"type":"if","locations":[{"start":{"line":131,"column":7},"end":{"line":131,"column":6}},{"start":{"line":131,"column":7},"end":{"line":131,"column":6}}]},"17":{"line":134,"type":"if","locations":[{"start":{"line":134,"column":7},"end":{"line":134,"column":6}},{"start":{"line":134,"column":7},"end":{"line":134,"column":6}}]},"18":{"line":144,"type":"if","locations":[{"start":{"line":144,"column":4},"end":{"line":144,"column":7}},{"start":{"line":144,"column":4},"end":{"line":144,"column":7}}]},"19":{"line":163,"type":"if","locations":[{"start":{"line":163,"column":4},"end":{"line":163,"column":7}},{"start":{"line":163,"column":4},"end":{"line":163,"column":7}}]},"20":{"line":163,"type":"binary-expr","locations":[{"start":{"line":163,"column":8},"end":{"line":163,"column":7}},{"start":{"line":163,"column":36},"end":{"line":163,"column":35}}]},"21":{"line":176,"type":"if","locations":[{"start":{"line":176,"column":4},"end":{"line":176,"column":7}},{"start":{"line":176,"column":4},"end":{"line":176,"column":7}}]},"22":{"line":188,"type":"if","locations":[{"start":{"line":188,"column":4},"end":{"line":188,"column":7}},{"start":{"line":188,"column":4},"end":{"line":188,"column":7}}]},"23":{"line":190,"type":"if","locations":[{"start":{"line":190,"column":11},"end":{"line":190,"column":10}},{"start":{"line":190,"column":11},"end":{"line":190,"column":10}}]},"24":{"line":190,"type":"binary-expr","locations":[{"start":{"line":190,"column":15},"end":{"line":190,"column":14}},{"start":{"line":190,"column":41},"end":{"line":190,"column":40}}]},"25":{"line":222,"type":"if","locations":[{"start":{"line":222,"column":4},"end":{"line":222,"column":7}},{"start":{"line":222,"column":4},"end":{"line":222,"column":7}}]},"26":{"line":225,"type":"if","locations":[{"start":{"line":225,"column":9},"end":{"line":225,"column":8}},{"start":{"line":225,"column":9},"end":{"line":225,"column":8}}]},"27":{"line":228,"type":"if","locations":[{"start":{"line":228,"column":9},"end":{"line":228,"column":8}},{"start":{"line":228,"column":9},"end":{"line":228,"column":8}}]},"28":{"line":231,"type":"if","locations":[{"start":{"line":231,"column":9},"end":{"line":231,"column":8}},{"start":{"line":231,"column":9},"end":{"line":231,"column":8}}]},"29":{"line":245,"type":"if","locations":[{"start":{"line":245,"column":4},"end":{"line":245,"column":7}},{"start":{"line":245,"column":4},"end":{"line":245,"column":7}}]},"30":{"line":259,"type":"if","locations":[{"start":{"line":259,"column":4},"end":{"line":259,"column":7}},{"start":{"line":259,"column":4},"end":{"line":259,"column":7}}]},"31":{"line":278,"type":"if","locations":[{"start":{"line":278,"column":4},"end":{"line":278,"column":7}},{"start":{"line":278,"column":4},"end":{"line":278,"column":7}}]},"32":{"line":286,"type":"binary-expr","locations":[{"start":{"line":286,"column":11},"end":{"line":286,"column":10}},{"start":{"line":286,"column":46},"end":{"line":286,"column":45}}]},"33":{"line":304,"type":"if","locations":[{"start":{"line":304,"column":4},"end":{"line":304,"column":7}},{"start":{"line":304,"column":4},"end":{"line":304,"column":7}}]},"34":{"line":320,"type":"if","locations":[{"start":{"line":320,"column":4},"end":{"line":320,"column":7}},{"start":{"line":320,"column":4},"end":{"line":320,"column":7}}]},"35":{"line":324,"type":"if","locations":[{"start":{"line":324,"column":6},"end":{"line":324,"column":9}},{"start":{"line":324,"column":6},"end":{"line":324,"column":9}}]},"36":{"line":343,"type":"if","locations":[{"start":{"line":343,"column":4},"end":{"line":343,"column":7}},{"start":{"line":343,"column":4},"end":{"line":343,"column":7}}]},"37":{"line":346,"type":"if","locations":[{"start":{"line":346,"column":6},"end":{"line":346,"column":9}},{"start":{"line":346,"column":6},"end":{"line":346,"column":9}}]},"38":{"line":346,"type":"binary-expr","locations":[{"start":{"line":346,"column":10},"end":{"line":346,"column":9}},{"start":{"line":346,"column":37},"end":{"line":346,"column":36}}]},"39":{"line":349,"type":"if","locations":[{"start":{"line":349,"column":8},"end":{"line":349,"column":11}},{"start":{"line":349,"column":8},"end":{"line":349,"column":11}}]},"40":{"line":356,"type":"if","locations":[{"start":{"line":356,"column":6},"end":{"line":356,"column":9}},{"start":{"line":356,"column":6},"end":{"line":356,"column":9}}]},"41":{"line":362,"type":"if","locations":[{"start":{"line":362,"column":8},"end":{"line":362,"column":11}},{"start":{"line":362,"column":8},"end":{"line":362,"column":11}}]},"42":{"line":386,"type":"if","locations":[{"start":{"line":386,"column":4},"end":{"line":386,"column":7}},{"start":{"line":386,"column":4},"end":{"line":386,"column":7}}]},"43":{"line":386,"type":"binary-expr","locations":[{"start":{"line":386,"column":8},"end":{"line":386,"column":7}},{"start":{"line":386,"column":37},"end":{"line":386,"column":36}}]},"44":{"line":387,"type":"if","locations":[{"start":{"line":387,"column":6},"end":{"line":387,"column":9}},{"start":{"line":387,"column":6},"end":{"line":387,"column":9}}]},"45":{"line":392,"type":"binary-expr","locations":[{"start":{"line":392,"column":15},"end":{"line":392,"column":14}},{"start":{"line":392,"column":38},"end":{"line":392,"column":42}}]},"46":{"line":393,"type":"if","locations":[{"start":{"line":393,"column":10},"end":{"line":393,"column":13}},{"start":{"line":393,"column":10},"end":{"line":393,"column":13}}]},"47":{"line":401,"type":"if","locations":[{"start":{"line":401,"column":8},"end":{"line":401,"column":11}},{"start":{"line":401,"column":8},"end":{"line":401,"column":11}}]},"48":{"line":406,"type":"if","locations":[{"start":{"line":406,"column":10},"end":{"line":406,"column":13}},{"start":{"line":406,"column":10},"end":{"line":406,"column":13}}]},"49":{"line":410,"type":"binary-expr","locations":[{"start":{"line":410,"column":19},"end":{"line":410,"column":23}},{"start":{"line":410,"column":46},"end":{"line":410,"column":45}}]},"50":{"line":411,"type":"if","locations":[{"start":{"line":411,"column":14},"end":{"line":411,"column":17}},{"start":{"line":411,"column":14},"end":{"line":411,"column":17}}]},"51":{"line":416,"type":"if","locations":[{"start":{"line":416,"column":19},"end":{"line":416,"column":18}},{"start":{"line":416,"column":19},"end":{"line":416,"column":18}}]},"52":{"line":443,"type":"if","locations":[{"start":{"line":443,"column":6},"end":{"line":443,"column":9}},{"start":{"line":443,"column":6},"end":{"line":443,"column":9}}]},"53":{"line":464,"type":"if","locations":[{"start":{"line":464,"column":6},"end":{"line":464,"column":9}},{"start":{"line":464,"column":6},"end":{"line":464,"column":9}}]},"54":{"line":466,"type":"if","locations":[{"start":{"line":466,"column":8},"end":{"line":466,"column":11}},{"start":{"line":466,"column":8},"end":{"line":466,"column":11}}]},"55":{"line":481,"type":"if","locations":[{"start":{"line":481,"column":4},"end":{"line":481,"column":7}},{"start":{"line":481,"column":4},"end":{"line":481,"column":7}}]},"56":{"line":488,"type":"if","locations":[{"start":{"line":488,"column":6},"end":{"line":488,"column":9}},{"start":{"line":488,"column":6},"end":{"line":488,"column":9}}]},"57":{"line":493,"type":"if","locations":[{"start":{"line":493,"column":8},"end":{"line":493,"column":11}},{"start":{"line":493,"column":8},"end":{"line":493,"column":11}}]},"58":{"line":523,"type":"if","locations":[{"start":{"line":523,"column":6},"end":{"line":523,"column":9}},{"start":{"line":523,"column":6},"end":{"line":523,"column":9}}]},"59":{"line":532,"type":"if","locations":[{"start":{"line":532,"column":4},"end":{"line":532,"column":7}},{"start":{"line":532,"column":4},"end":{"line":532,"column":7}}]},"60":{"line":537,"type":"if","locations":[{"start":{"line":537,"column":9},"end":{"line":537,"column":8}},{"start":{"line":537,"column":9},"end":{"line":537,"column":8}}]},"61":{"line":538,"type":"if","locations":[{"start":{"line":538,"column":6},"end":{"line":538,"column":9}},{"start":{"line":538,"column":6},"end":{"line":538,"column":9}}]},"62":{"line":548,"type":"if","locations":[{"start":{"line":548,"column":9},"end":{"line":548,"column":8}},{"start":{"line":548,"column":9},"end":{"line":548,"column":8}}]},"63":{"line":551,"type":"if","locations":[{"start":{"line":551,"column":9},"end":{"line":551,"column":8}},{"start":{"line":551,"column":9},"end":{"line":551,"column":8}}]},"64":{"line":554,"type":"if","locations":[{"start":{"line":554,"column":6},"end":{"line":554,"column":9}},{"start":{"line":554,"column":6},"end":{"line":554,"column":9}}]},"65":{"line":557,"type":"if","locations":[{"start":{"line":557,"column":8},"end":{"line":557,"column":11}},{"start":{"line":557,"column":8},"end":{"line":557,"column":11}}]},"66":{"line":562,"type":"if","locations":[{"start":{"line":562,"column":10},"end":{"line":562,"column":13}},{"start":{"line":562,"column":10},"end":{"line":562,"column":13}}]},"67":{"line":583,"type":"if","locations":[{"start":{"line":583,"column":8},"end":{"line":583,"column":11}},{"start":{"line":583,"column":8},"end":{"line":583,"column":11}}]},"68":{"line":583,"type":"binary-expr","locations":[{"start":{"line":583,"column":12},"end":{"line":583,"column":11}},{"start":{"line":583,"column":35},"end":{"line":583,"column":34}}]},"69":{"line":584,"type":"cond-expr","locations":[{"start":{"line":584,"column":39},"end":{"line":584,"column":17}},{"start":{"line":584,"column":53},"end":{"line":584,"column":17}}]},"70":{"line":590,"type":"if","locations":[{"start":{"line":590,"column":10},"end":{"line":590,"column":13}},{"start":{"line":590,"column":10},"end":{"line":590,"column":13}}]},"71":{"line":591,"type":"if","locations":[{"start":{"line":591,"column":12},"end":{"line":591,"column":15}},{"start":{"line":591,"column":12},"end":{"line":591,"column":15}}]},"72":{"line":595,"type":"if","locations":[{"start":{"line":595,"column":14},"end":{"line":595,"column":17}},{"start":{"line":595,"column":14},"end":{"line":595,"column":17}}]}}},"C:\\Users\\Rodrigo\\Codigo\\interprete-pl\\src\\parser\\Compiler.js":{"path":"C:\\Users\\Rodrigo\\Codigo\\interprete-pl\\src\\parser\\Compiler.js","s":{"1":1,"2":1,"3":1,"4":1,"5":1,"6":1,"7":1,"8":1,"9":1,"10":1,"11":0,"12":0,"13":0,"14":0,"15":1,"16":0,"17":0,"18":0,"19":0,"20":1,"21":0,"22":0,"23":0,"24":0,"25":0,"26":0,"27":0,"28":0,"29":0,"30":0,"31":0,"32":0,"33":0,"34":0,"35":0,"36":0,"37":0,"38":0,"39":0,"40":0,"41":0,"42":0,"43":0,"44":0,"45":0,"46":0,"47":0,"48":0,"49":0,"50":0,"51":0,"52":0,"53":0,"54":0,"55":0,"56":0},"b":{"1":[0,0],"2":[0,0],"3":[0,0],"4":[0,0],"5":[0,0],"6":[0,0],"7":[0,0],"8":[0,0]},"f":{"1":0,"2":0,"3":1,"4":0,"5":0},"fnMap":{"1":{"name":"applyConfig","line":29,"loc":{"start":{"line":29,"column":0},"end":{"line":29,"column":47}}},"2":{"name":"genericHandler","line":38,"loc":{"start":{"line":38,"column":0},"end":{"line":38,"column":36}}},"3":{"name":"(anonymous_11)","line":46,"loc":{"start":{"line":46,"column":21},"end":{"line":null,"column":-1}}},"4":{"name":"Compiler","line":64,"loc":{"start":{"line":64,"column":2},"end":{"line":64,"column":22}}},"5":{"name":"(anonymous_14)","line":131,"loc":{"start":{"line":131,"column":36},"end":{"line":131,"column":63}}}},"statementMap":{"1":{"start":{"line":3,"column":0},"end":{"line":null,"column":-1}},"2":{"start":{"line":5,"column":0},"end":{"line":null,"column":-1}},"3":{"start":{"line":6,"column":0},"end":{"line":null,"column":-1}},"4":{"start":{"line":8,"column":0},"end":{"line":null,"column":-1}},"5":{"start":{"line":9,"column":0},"end":{"line":null,"column":-1}},"6":{"start":{"line":11,"column":0},"end":{"line":null,"column":-1}},"7":{"start":{"line":13,"column":0},"end":{"line":null,"column":-1}},"8":{"start":{"line":14,"column":0},"end":{"line":14,"column":14}},"9":{"start":{"line":16,"column":0},"end":{"line":16,"column":6}},"10":{"start":{"line":29,"column":0},"end":{"line":29,"column":-1}},"11":{"start":{"line":30,"column":2},"end":{"line":30,"column":1}},"12":{"start":{"line":31,"column":4},"end":{"line":31,"column":3}},"13":{"start":{"line":32,"column":6},"end":{"line":31,"column":44}},"14":{"start":{"line":35,"column":2},"end":{"line":29,"column":47}},"15":{"start":{"line":38,"column":0},"end":{"line":38,"column":-1}},"16":{"start":{"line":39,"column":2},"end":{"line":38,"column":36}},"17":{"start":{"line":40,"column":2},"end":{"line":38,"column":36}},"18":{"start":{"line":41,"column":2},"end":{"line":41,"column":1}},"19":{"start":{"line":42,"column":4},"end":{"line":41,"column":28}},"20":{"start":{"line":64,"column":2},"end":{"line":64,"column":1}},"21":{"start":{"line":75,"column":4},"end":{"line":75,"column":3}},"22":{"start":{"line":76,"column":6},"end":{"line":75,"column":16}},"23":{"start":{"line":79,"column":6},"end":{"line":78,"column":9}},"24":{"start":{"line":82,"column":4},"end":{"line":82,"column":3}},"25":{"start":{"line":83,"column":6},"end":{"line":82,"column":35}},"26":{"start":{"line":86,"column":4},"end":{"line":64,"column":22}},"27":{"start":{"line":91,"column":4},"end":{"line":89,"column":48}},"28":{"start":{"line":93,"column":4},"end":{"line":89,"column":48}},"29":{"start":{"line":95,"column":4},"end":{"line":89,"column":48}},"30":{"start":{"line":97,"column":4},"end":{"line":97,"column":3}},"31":{"start":{"line":98,"column":6},"end":{"line":98,"column":5}},"32":{"start":{"line":99,"column":8},"end":{"line":98,"column":49}},"33":{"start":{"line":101,"column":6},"end":{"line":97,"column":28}},"34":{"start":{"line":102,"column":6},"end":{"line":97,"column":28}},"35":{"start":{"line":105,"column":4},"end":{"line":89,"column":48}},"36":{"start":{"line":107,"column":4},"end":{"line":89,"column":48}},"37":{"start":{"line":109,"column":4},"end":{"line":109,"column":3}},"38":{"start":{"line":110,"column":6},"end":{"line":109,"column":27}},"39":{"start":{"line":112,"column":6},"end":{"line":109,"column":27}},"40":{"start":{"line":114,"column":6},"end":{"line":109,"column":27}},"41":{"start":{"line":117,"column":4},"end":{"line":117,"column":3}},"42":{"start":{"line":118,"column":6},"end":{"line":117,"column":26}},"43":{"start":{"line":120,"column":6},"end":{"line":117,"column":26}},"44":{"start":{"line":122,"column":6},"end":{"line":117,"column":26}},"45":{"start":{"line":124,"column":6},"end":{"line":124,"column":10}},"46":{"start":{"line":117,"column":26},"end":{"line":117,"column":25}},"47":{"start":{"line":131,"column":6},"end":{"line":117,"column":26}},"48":{"start":{"line":132,"column":8},"end":{"line":131,"column":63}},"49":{"start":{"line":133,"column":8},"end":{"line":131,"column":63}},"50":{"start":{"line":136,"column":6},"end":{"line":117,"column":26}},"51":{"start":{"line":138,"column":6},"end":{"line":117,"column":26}},"52":{"start":{"line":140,"column":6},"end":{"line":140,"column":5}},"53":{"start":{"line":141,"column":8},"end":{"line":140,"column":22}},"54":{"start":{"line":142,"column":8},"end":{"line":140,"column":22}},"55":{"start":{"line":146,"column":4},"end":{"line":89,"column":48}},"56":{"start":{"line":148,"column":4},"end":{"line":89,"column":48}}},"branchMap":{"1":{"line":31,"type":"if","locations":[{"start":{"line":31,"column":4},"end":{"line":31,"column":8}},{"start":{"line":31,"column":4},"end":{"line":31,"column":8}}]},"2":{"line":41,"type":"if","locations":[{"start":{"line":41,"column":2},"end":{"line":41,"column":5}},{"start":{"line":41,"column":2},"end":{"line":41,"column":5}}]},"3":{"line":75,"type":"if","locations":[{"start":{"line":75,"column":4},"end":{"line":75,"column":7}},{"start":{"line":75,"column":4},"end":{"line":75,"column":7}}]},"4":{"line":82,"type":"if","locations":[{"start":{"line":82,"column":4},"end":{"line":82,"column":7}},{"start":{"line":82,"column":4},"end":{"line":82,"column":7}}]},"5":{"line":97,"type":"if","locations":[{"start":{"line":97,"column":4},"end":{"line":97,"column":7}},{"start":{"line":97,"column":4},"end":{"line":97,"column":7}}]},"6":{"line":109,"type":"if","locations":[{"start":{"line":109,"column":4},"end":{"line":109,"column":7}},{"start":{"line":109,"column":4},"end":{"line":109,"column":7}}]},"7":{"line":117,"type":"if","locations":[{"start":{"line":117,"column":4},"end":{"line":117,"column":7}},{"start":{"line":117,"column":4},"end":{"line":117,"column":7}}]},"8":{"line":140,"type":"if","locations":[{"start":{"line":140,"column":6},"end":{"line":140,"column":9}},{"start":{"line":140,"column":6},"end":{"line":140,"column":9}}]}}}}